23:06:56.191 logback [restartedMain] INFO  c.dm.login.AccountSystemApplication - Starting AccountSystemApplication on 2J5WQ1H032CES60 with PID 12860 (D:\project\AccountSystem\target\classes started by Administrator in D:\project\AccountSystem)
23:06:56.193 logback [restartedMain] INFO  c.dm.login.AccountSystemApplication - No active profile set, falling back to default profiles: default
23:06:56.265 logback [restartedMain] INFO  o.s.b.d.e.DevToolsPropertyDefaultsPostProcessor - Devtools property defaults active! Set 'spring.devtools.add-properties' to 'false' to disable
23:06:56.266 logback [restartedMain] INFO  o.s.b.d.e.DevToolsPropertyDefaultsPostProcessor - For additional web related logging consider setting the 'logging.level.web' property to 'DEBUG'
23:06:57.140 logback [restartedMain] INFO  o.s.c.s.PostProcessorRegistrationDelegate$BeanPostProcessorChecker - Bean 'org.springframework.transaction.annotation.ProxyTransactionManagementConfiguration' of type [org.springframework.transaction.annotation.ProxyTransactionManagementConfiguration$$EnhancerBySpringCGLIB$$5a1435dd] is not eligible for getting processed by all BeanPostProcessors (for example: not eligible for auto-proxying)
23:06:57.424 logback [restartedMain] INFO  o.s.b.w.e.tomcat.TomcatWebServer - Tomcat initialized with port(s): 8080 (http)
23:06:57.433 logback [restartedMain] INFO  o.a.coyote.http11.Http11NioProtocol - Initializing ProtocolHandler ["http-nio-8080"]
23:06:57.437 logback [restartedMain] INFO  o.a.catalina.core.StandardService - Starting service [Tomcat]
23:06:57.438 logback [restartedMain] INFO  o.a.catalina.core.StandardEngine - Starting Servlet engine: [Apache Tomcat/9.0.17]
23:06:57.520 logback [restartedMain] INFO  o.a.c.c.C.[Tomcat].[localhost].[/] - Initializing Spring embedded WebApplicationContext
23:06:57.520 logback [restartedMain] INFO  o.s.web.context.ContextLoader - Root WebApplicationContext: initialization completed in 1254 ms
23:06:58.280 logback [restartedMain] INFO  o.s.b.d.a.OptionalLiveReloadServer - LiveReload server is running on port 35729
23:06:58.422 logback [restartedMain] INFO  s.d.s.w.p.DocumentationPluginsBootstrapper - Context refreshed
23:06:58.434 logback [restartedMain] INFO  s.d.s.w.p.DocumentationPluginsBootstrapper - Found 1 custom documentation plugin(s)
23:06:58.443 logback [restartedMain] INFO  s.d.s.w.s.ApiListingReferenceScanner - Scanning for api listing references
23:06:58.547 logback [restartedMain] INFO  s.d.s.w.r.o.CachingOperationNameGenerator - Generating unique operation named: addUsingPOST_1
23:06:58.549 logback [restartedMain] INFO  s.d.s.w.r.o.CachingOperationNameGenerator - Generating unique operation named: deleteUsingDELETE_1
23:06:58.550 logback [restartedMain] INFO  s.d.s.w.r.o.CachingOperationNameGenerator - Generating unique operation named: getUsingGET_1
23:06:58.552 logback [restartedMain] INFO  s.d.s.w.r.o.CachingOperationNameGenerator - Generating unique operation named: listUsingGET_1
23:06:58.553 logback [restartedMain] INFO  s.d.s.w.r.o.CachingOperationNameGenerator - Generating unique operation named: updUsingPUT_1
23:06:58.555 logback [restartedMain] INFO  s.d.s.w.r.o.CachingOperationNameGenerator - Generating unique operation named: addUsingPOST_2
23:06:58.556 logback [restartedMain] INFO  s.d.s.w.r.o.CachingOperationNameGenerator - Generating unique operation named: deleteUsingDELETE_2
23:06:58.558 logback [restartedMain] INFO  s.d.s.w.r.o.CachingOperationNameGenerator - Generating unique operation named: getUsingGET_2
23:06:58.559 logback [restartedMain] INFO  s.d.s.w.r.o.CachingOperationNameGenerator - Generating unique operation named: listUsingGET_2
23:06:58.560 logback [restartedMain] INFO  s.d.s.w.r.o.CachingOperationNameGenerator - Generating unique operation named: updUsingPUT_2
23:06:58.562 logback [restartedMain] INFO  s.d.s.w.r.o.CachingOperationNameGenerator - Generating unique operation named: addUsingPOST_3
23:06:58.563 logback [restartedMain] INFO  s.d.s.w.r.o.CachingOperationNameGenerator - Generating unique operation named: deleteUsingDELETE_3
23:06:58.565 logback [restartedMain] INFO  s.d.s.w.r.o.CachingOperationNameGenerator - Generating unique operation named: getUsingGET_3
23:06:58.574 logback [restartedMain] INFO  s.d.s.w.r.o.CachingOperationNameGenerator - Generating unique operation named: listUsingGET_3
23:06:58.575 logback [restartedMain] INFO  s.d.s.w.r.o.CachingOperationNameGenerator - Generating unique operation named: updUsingPUT_3
23:06:58.577 logback [restartedMain] INFO  s.d.s.w.r.o.CachingOperationNameGenerator - Generating unique operation named: addUsingPOST_4
23:06:58.578 logback [restartedMain] INFO  s.d.s.w.r.o.CachingOperationNameGenerator - Generating unique operation named: deleteUsingDELETE_4
23:06:58.579 logback [restartedMain] INFO  s.d.s.w.r.o.CachingOperationNameGenerator - Generating unique operation named: getUsingGET_4
23:06:58.580 logback [restartedMain] INFO  s.d.s.w.r.o.CachingOperationNameGenerator - Generating unique operation named: listUsingGET_4
23:06:58.582 logback [restartedMain] INFO  s.d.s.w.r.o.CachingOperationNameGenerator - Generating unique operation named: updUsingPUT_4
23:06:58.583 logback [restartedMain] INFO  s.d.s.w.r.o.CachingOperationNameGenerator - Generating unique operation named: addUsingPOST_5
23:06:58.584 logback [restartedMain] INFO  s.d.s.w.r.o.CachingOperationNameGenerator - Generating unique operation named: deleteUsingDELETE_5
23:06:58.585 logback [restartedMain] INFO  s.d.s.w.r.o.CachingOperationNameGenerator - Generating unique operation named: getUsingGET_5
23:06:58.586 logback [restartedMain] INFO  s.d.s.w.r.o.CachingOperationNameGenerator - Generating unique operation named: listUsingGET_5
23:06:58.588 logback [restartedMain] INFO  s.d.s.w.r.o.CachingOperationNameGenerator - Generating unique operation named: updUsingPUT_5
23:06:58.589 logback [restartedMain] INFO  s.d.s.w.r.o.CachingOperationNameGenerator - Generating unique operation named: addUsingPOST_6
23:06:58.590 logback [restartedMain] INFO  s.d.s.w.r.o.CachingOperationNameGenerator - Generating unique operation named: deleteUsingDELETE_6
23:06:58.591 logback [restartedMain] INFO  s.d.s.w.r.o.CachingOperationNameGenerator - Generating unique operation named: getUsingGET_6
23:06:58.592 logback [restartedMain] INFO  s.d.s.w.r.o.CachingOperationNameGenerator - Generating unique operation named: listUsingGET_6
23:06:58.593 logback [restartedMain] INFO  s.d.s.w.r.o.CachingOperationNameGenerator - Generating unique operation named: updUsingPUT_6
23:06:58.594 logback [restartedMain] INFO  s.d.s.w.r.o.CachingOperationNameGenerator - Generating unique operation named: addUsingPOST_7
23:06:58.595 logback [restartedMain] INFO  s.d.s.w.r.o.CachingOperationNameGenerator - Generating unique operation named: deleteUsingDELETE_7
23:06:58.597 logback [restartedMain] INFO  s.d.s.w.r.o.CachingOperationNameGenerator - Generating unique operation named: getUsingGET_7
23:06:58.598 logback [restartedMain] INFO  s.d.s.w.r.o.CachingOperationNameGenerator - Generating unique operation named: listUsingGET_7
23:06:58.599 logback [restartedMain] INFO  s.d.s.w.r.o.CachingOperationNameGenerator - Generating unique operation named: updUsingPUT_7
23:06:58.600 logback [restartedMain] INFO  s.d.s.w.r.o.CachingOperationNameGenerator - Generating unique operation named: addUsingPOST_8
23:06:58.601 logback [restartedMain] INFO  s.d.s.w.r.o.CachingOperationNameGenerator - Generating unique operation named: deleteUsingDELETE_8
23:06:58.602 logback [restartedMain] INFO  s.d.s.w.r.o.CachingOperationNameGenerator - Generating unique operation named: getUsingGET_8
23:06:58.603 logback [restartedMain] INFO  s.d.s.w.r.o.CachingOperationNameGenerator - Generating unique operation named: listUsingGET_8
23:06:58.604 logback [restartedMain] INFO  s.d.s.w.r.o.CachingOperationNameGenerator - Generating unique operation named: updUsingPUT_8
23:06:58.620 logback [restartedMain] INFO  o.a.coyote.http11.Http11NioProtocol - Starting ProtocolHandler ["http-nio-8080"]
23:06:58.634 logback [restartedMain] INFO  o.s.b.w.e.tomcat.TomcatWebServer - Tomcat started on port(s): 8080 (http) with context path ''
23:06:58.636 logback [restartedMain] INFO  c.dm.login.AccountSystemApplication - Started AccountSystemApplication in 2.878 seconds (JVM running for 3.647)
23:07:04.137 logback [restartedMain] INFO  c.dm.login.AccountSystemApplication - Starting AccountSystemApplication on 2J5WQ1H032CES60 with PID 12860 (D:\project\AccountSystem\target\classes started by Administrator in D:\project\AccountSystem)
23:07:04.137 logback [restartedMain] INFO  c.dm.login.AccountSystemApplication - No active profile set, falling back to default profiles: default
23:07:04.393 logback [restartedMain] INFO  o.s.c.s.PostProcessorRegistrationDelegate$BeanPostProcessorChecker - Bean 'org.springframework.transaction.annotation.ProxyTransactionManagementConfiguration' of type [org.springframework.transaction.annotation.ProxyTransactionManagementConfiguration$$EnhancerBySpringCGLIB$$5a1435dd] is not eligible for getting processed by all BeanPostProcessors (for example: not eligible for auto-proxying)
23:07:04.463 logback [restartedMain] INFO  o.s.b.w.e.tomcat.TomcatWebServer - Tomcat initialized with port(s): 8080 (http)
23:07:04.464 logback [restartedMain] INFO  o.a.coyote.http11.Http11NioProtocol - Initializing ProtocolHandler ["http-nio-8080"]
23:07:04.464 logback [restartedMain] INFO  o.a.catalina.core.StandardService - Starting service [Tomcat]
23:07:04.464 logback [restartedMain] INFO  o.a.catalina.core.StandardEngine - Starting Servlet engine: [Apache Tomcat/9.0.17]
23:07:04.482 logback [restartedMain] INFO  o.a.c.c.C.[Tomcat].[localhost].[/] - Initializing Spring embedded WebApplicationContext
23:07:04.482 logback [restartedMain] INFO  o.s.web.context.ContextLoader - Root WebApplicationContext: initialization completed in 343 ms
23:07:04.734 logback [restartedMain] INFO  o.s.b.d.a.OptionalLiveReloadServer - LiveReload server is running on port 35729
23:07:04.800 logback [restartedMain] INFO  s.d.s.w.p.DocumentationPluginsBootstrapper - Context refreshed
23:07:04.801 logback [restartedMain] INFO  s.d.s.w.p.DocumentationPluginsBootstrapper - Found 1 custom documentation plugin(s)
23:07:04.803 logback [restartedMain] INFO  s.d.s.w.s.ApiListingReferenceScanner - Scanning for api listing references
23:07:04.816 logback [restartedMain] INFO  s.d.s.w.r.o.CachingOperationNameGenerator - Generating unique operation named: addUsingPOST_1
23:07:04.817 logback [restartedMain] INFO  s.d.s.w.r.o.CachingOperationNameGenerator - Generating unique operation named: deleteUsingDELETE_1
23:07:04.818 logback [restartedMain] INFO  s.d.s.w.r.o.CachingOperationNameGenerator - Generating unique operation named: getUsingGET_1
23:07:04.819 logback [restartedMain] INFO  s.d.s.w.r.o.CachingOperationNameGenerator - Generating unique operation named: listUsingGET_1
23:07:04.820 logback [restartedMain] INFO  s.d.s.w.r.o.CachingOperationNameGenerator - Generating unique operation named: updUsingPUT_1
23:07:04.822 logback [restartedMain] INFO  s.d.s.w.r.o.CachingOperationNameGenerator - Generating unique operation named: addUsingPOST_2
23:07:04.823 logback [restartedMain] INFO  s.d.s.w.r.o.CachingOperationNameGenerator - Generating unique operation named: deleteUsingDELETE_2
23:07:04.824 logback [restartedMain] INFO  s.d.s.w.r.o.CachingOperationNameGenerator - Generating unique operation named: getUsingGET_2
23:07:04.825 logback [restartedMain] INFO  s.d.s.w.r.o.CachingOperationNameGenerator - Generating unique operation named: listUsingGET_2
23:07:04.826 logback [restartedMain] INFO  s.d.s.w.r.o.CachingOperationNameGenerator - Generating unique operation named: updUsingPUT_2
23:07:04.828 logback [restartedMain] INFO  s.d.s.w.r.o.CachingOperationNameGenerator - Generating unique operation named: addUsingPOST_3
23:07:04.830 logback [restartedMain] INFO  s.d.s.w.r.o.CachingOperationNameGenerator - Generating unique operation named: deleteUsingDELETE_3
23:07:04.831 logback [restartedMain] INFO  s.d.s.w.r.o.CachingOperationNameGenerator - Generating unique operation named: getUsingGET_3
23:07:04.835 logback [restartedMain] INFO  s.d.s.w.r.o.CachingOperationNameGenerator - Generating unique operation named: listUsingGET_3
23:07:04.837 logback [restartedMain] INFO  s.d.s.w.r.o.CachingOperationNameGenerator - Generating unique operation named: updUsingPUT_3
23:07:04.838 logback [restartedMain] INFO  s.d.s.w.r.o.CachingOperationNameGenerator - Generating unique operation named: addUsingPOST_4
23:07:04.840 logback [restartedMain] INFO  s.d.s.w.r.o.CachingOperationNameGenerator - Generating unique operation named: deleteUsingDELETE_4
23:07:04.841 logback [restartedMain] INFO  s.d.s.w.r.o.CachingOperationNameGenerator - Generating unique operation named: getUsingGET_4
23:07:04.842 logback [restartedMain] INFO  s.d.s.w.r.o.CachingOperationNameGenerator - Generating unique operation named: listUsingGET_4
23:07:04.843 logback [restartedMain] INFO  s.d.s.w.r.o.CachingOperationNameGenerator - Generating unique operation named: updUsingPUT_4
23:07:04.845 logback [restartedMain] INFO  s.d.s.w.r.o.CachingOperationNameGenerator - Generating unique operation named: addUsingPOST_5
23:07:04.846 logback [restartedMain] INFO  s.d.s.w.r.o.CachingOperationNameGenerator - Generating unique operation named: deleteUsingDELETE_5
23:07:04.847 logback [restartedMain] INFO  s.d.s.w.r.o.CachingOperationNameGenerator - Generating unique operation named: getUsingGET_5
23:07:04.848 logback [restartedMain] INFO  s.d.s.w.r.o.CachingOperationNameGenerator - Generating unique operation named: listUsingGET_5
23:07:04.849 logback [restartedMain] INFO  s.d.s.w.r.o.CachingOperationNameGenerator - Generating unique operation named: updUsingPUT_5
23:07:04.851 logback [restartedMain] INFO  s.d.s.w.r.o.CachingOperationNameGenerator - Generating unique operation named: addUsingPOST_6
23:07:04.851 logback [restartedMain] INFO  s.d.s.w.r.o.CachingOperationNameGenerator - Generating unique operation named: deleteUsingDELETE_6
23:07:04.852 logback [restartedMain] INFO  s.d.s.w.r.o.CachingOperationNameGenerator - Generating unique operation named: getUsingGET_6
23:07:04.853 logback [restartedMain] INFO  s.d.s.w.r.o.CachingOperationNameGenerator - Generating unique operation named: listUsingGET_6
23:07:04.854 logback [restartedMain] INFO  s.d.s.w.r.o.CachingOperationNameGenerator - Generating unique operation named: updUsingPUT_6
23:07:04.856 logback [restartedMain] INFO  s.d.s.w.r.o.CachingOperationNameGenerator - Generating unique operation named: addUsingPOST_7
23:07:04.857 logback [restartedMain] INFO  s.d.s.w.r.o.CachingOperationNameGenerator - Generating unique operation named: deleteUsingDELETE_7
23:07:04.858 logback [restartedMain] INFO  s.d.s.w.r.o.CachingOperationNameGenerator - Generating unique operation named: getUsingGET_7
23:07:04.860 logback [restartedMain] INFO  s.d.s.w.r.o.CachingOperationNameGenerator - Generating unique operation named: listUsingGET_7
23:07:04.861 logback [restartedMain] INFO  s.d.s.w.r.o.CachingOperationNameGenerator - Generating unique operation named: updUsingPUT_7
23:07:04.863 logback [restartedMain] INFO  s.d.s.w.r.o.CachingOperationNameGenerator - Generating unique operation named: addUsingPOST_8
23:07:04.864 logback [restartedMain] INFO  s.d.s.w.r.o.CachingOperationNameGenerator - Generating unique operation named: deleteUsingDELETE_8
23:07:04.866 logback [restartedMain] INFO  s.d.s.w.r.o.CachingOperationNameGenerator - Generating unique operation named: getUsingGET_8
23:07:04.867 logback [restartedMain] INFO  s.d.s.w.r.o.CachingOperationNameGenerator - Generating unique operation named: listUsingGET_8
23:07:04.868 logback [restartedMain] INFO  s.d.s.w.r.o.CachingOperationNameGenerator - Generating unique operation named: updUsingPUT_8
23:07:04.872 logback [restartedMain] INFO  o.a.coyote.http11.Http11NioProtocol - Starting ProtocolHandler ["http-nio-8080"]
23:07:04.877 logback [restartedMain] INFO  o.s.b.w.e.tomcat.TomcatWebServer - Tomcat started on port(s): 8080 (http) with context path ''
23:07:04.878 logback [restartedMain] INFO  c.dm.login.AccountSystemApplication - Started AccountSystemApplication in 0.761 seconds (JVM running for 9.889)
23:07:04.881 logback [restartedMain] INFO  o.s.b.d.a.ConditionEvaluationDeltaLoggingListener - Condition evaluation unchanged
23:17:23.906 logback [restartedMain] INFO  c.dm.login.AccountSystemApplication - Starting AccountSystemApplication on 2J5WQ1H032CES60 with PID 12860 (D:\project\AccountSystem\target\classes started by Administrator in D:\project\AccountSystem)
23:17:23.906 logback [restartedMain] INFO  c.dm.login.AccountSystemApplication - No active profile set, falling back to default profiles: default
23:17:24.452 logback [restartedMain] INFO  o.s.c.s.PostProcessorRegistrationDelegate$BeanPostProcessorChecker - Bean 'org.springframework.transaction.annotation.ProxyTransactionManagementConfiguration' of type [org.springframework.transaction.annotation.ProxyTransactionManagementConfiguration$$EnhancerBySpringCGLIB$$5a1435dd] is not eligible for getting processed by all BeanPostProcessors (for example: not eligible for auto-proxying)
23:17:24.530 logback [restartedMain] INFO  o.s.b.w.e.tomcat.TomcatWebServer - Tomcat initialized with port(s): 8080 (http)
23:17:24.531 logback [restartedMain] INFO  o.a.coyote.http11.Http11NioProtocol - Initializing ProtocolHandler ["http-nio-8080"]
23:17:24.531 logback [restartedMain] INFO  o.a.catalina.core.StandardService - Starting service [Tomcat]
23:17:24.531 logback [restartedMain] INFO  o.a.catalina.core.StandardEngine - Starting Servlet engine: [Apache Tomcat/9.0.17]
23:17:24.549 logback [restartedMain] INFO  o.a.c.c.C.[Tomcat].[localhost].[/] - Initializing Spring embedded WebApplicationContext
23:17:24.549 logback [restartedMain] INFO  o.s.web.context.ContextLoader - Root WebApplicationContext: initialization completed in 640 ms
23:17:24.857 logback [restartedMain] INFO  o.s.b.d.a.OptionalLiveReloadServer - LiveReload server is running on port 35729
23:17:24.949 logback [restartedMain] INFO  s.d.s.w.p.DocumentationPluginsBootstrapper - Context refreshed
23:17:24.950 logback [restartedMain] INFO  s.d.s.w.p.DocumentationPluginsBootstrapper - Found 1 custom documentation plugin(s)
23:17:24.952 logback [restartedMain] INFO  s.d.s.w.s.ApiListingReferenceScanner - Scanning for api listing references
23:17:24.967 logback [restartedMain] INFO  s.d.s.w.r.o.CachingOperationNameGenerator - Generating unique operation named: addUsingPOST_1
23:17:24.968 logback [restartedMain] INFO  s.d.s.w.r.o.CachingOperationNameGenerator - Generating unique operation named: deleteUsingDELETE_1
23:17:24.969 logback [restartedMain] INFO  s.d.s.w.r.o.CachingOperationNameGenerator - Generating unique operation named: getUsingGET_1
23:17:24.970 logback [restartedMain] INFO  s.d.s.w.r.o.CachingOperationNameGenerator - Generating unique operation named: listUsingGET_1
23:17:24.971 logback [restartedMain] INFO  s.d.s.w.r.o.CachingOperationNameGenerator - Generating unique operation named: updUsingPUT_1
23:17:24.976 logback [restartedMain] INFO  s.d.s.w.r.o.CachingOperationNameGenerator - Generating unique operation named: addUsingPOST_2
23:17:24.980 logback [restartedMain] INFO  s.d.s.w.r.o.CachingOperationNameGenerator - Generating unique operation named: deleteUsingDELETE_2
23:17:24.981 logback [restartedMain] INFO  s.d.s.w.r.o.CachingOperationNameGenerator - Generating unique operation named: getUsingGET_2
23:17:24.982 logback [restartedMain] INFO  s.d.s.w.r.o.CachingOperationNameGenerator - Generating unique operation named: listUsingGET_2
23:17:24.983 logback [restartedMain] INFO  s.d.s.w.r.o.CachingOperationNameGenerator - Generating unique operation named: updUsingPUT_2
23:17:24.984 logback [restartedMain] INFO  s.d.s.w.r.o.CachingOperationNameGenerator - Generating unique operation named: addUsingPOST_3
23:17:24.985 logback [restartedMain] INFO  s.d.s.w.r.o.CachingOperationNameGenerator - Generating unique operation named: deleteUsingDELETE_3
23:17:24.986 logback [restartedMain] INFO  s.d.s.w.r.o.CachingOperationNameGenerator - Generating unique operation named: getUsingGET_3
23:17:24.990 logback [restartedMain] INFO  s.d.s.w.r.o.CachingOperationNameGenerator - Generating unique operation named: listUsingGET_3
23:17:24.991 logback [restartedMain] INFO  s.d.s.w.r.o.CachingOperationNameGenerator - Generating unique operation named: updUsingPUT_3
23:17:24.992 logback [restartedMain] INFO  s.d.s.w.r.o.CachingOperationNameGenerator - Generating unique operation named: addUsingPOST_4
23:17:24.993 logback [restartedMain] INFO  s.d.s.w.r.o.CachingOperationNameGenerator - Generating unique operation named: deleteUsingDELETE_4
23:17:24.997 logback [restartedMain] INFO  s.d.s.w.r.o.CachingOperationNameGenerator - Generating unique operation named: getUsingGET_4
23:17:24.999 logback [restartedMain] INFO  s.d.s.w.r.o.CachingOperationNameGenerator - Generating unique operation named: listUsingGET_4
23:17:24.999 logback [restartedMain] INFO  s.d.s.w.r.o.CachingOperationNameGenerator - Generating unique operation named: updUsingPUT_4
23:17:25.000 logback [restartedMain] INFO  s.d.s.w.r.o.CachingOperationNameGenerator - Generating unique operation named: addUsingPOST_5
23:17:25.001 logback [restartedMain] INFO  s.d.s.w.r.o.CachingOperationNameGenerator - Generating unique operation named: deleteUsingDELETE_5
23:17:25.002 logback [restartedMain] INFO  s.d.s.w.r.o.CachingOperationNameGenerator - Generating unique operation named: getUsingGET_5
23:17:25.003 logback [restartedMain] INFO  s.d.s.w.r.o.CachingOperationNameGenerator - Generating unique operation named: listUsingGET_5
23:17:25.004 logback [restartedMain] INFO  s.d.s.w.r.o.CachingOperationNameGenerator - Generating unique operation named: updUsingPUT_5
23:17:25.005 logback [restartedMain] INFO  s.d.s.w.r.o.CachingOperationNameGenerator - Generating unique operation named: addUsingPOST_6
23:17:25.006 logback [restartedMain] INFO  s.d.s.w.r.o.CachingOperationNameGenerator - Generating unique operation named: deleteUsingDELETE_6
23:17:25.007 logback [restartedMain] INFO  s.d.s.w.r.o.CachingOperationNameGenerator - Generating unique operation named: getUsingGET_6
23:17:25.008 logback [restartedMain] INFO  s.d.s.w.r.o.CachingOperationNameGenerator - Generating unique operation named: listUsingGET_6
23:17:25.009 logback [restartedMain] INFO  s.d.s.w.r.o.CachingOperationNameGenerator - Generating unique operation named: updUsingPUT_6
23:17:25.011 logback [restartedMain] INFO  s.d.s.w.r.o.CachingOperationNameGenerator - Generating unique operation named: addUsingPOST_7
23:17:25.015 logback [restartedMain] INFO  s.d.s.w.r.o.CachingOperationNameGenerator - Generating unique operation named: deleteUsingDELETE_7
23:17:25.016 logback [restartedMain] INFO  s.d.s.w.r.o.CachingOperationNameGenerator - Generating unique operation named: getUsingGET_7
23:17:25.017 logback [restartedMain] INFO  s.d.s.w.r.o.CachingOperationNameGenerator - Generating unique operation named: listUsingGET_7
23:17:25.018 logback [restartedMain] INFO  s.d.s.w.r.o.CachingOperationNameGenerator - Generating unique operation named: updUsingPUT_7
23:17:25.019 logback [restartedMain] INFO  s.d.s.w.r.o.CachingOperationNameGenerator - Generating unique operation named: addUsingPOST_8
23:17:25.020 logback [restartedMain] INFO  s.d.s.w.r.o.CachingOperationNameGenerator - Generating unique operation named: deleteUsingDELETE_8
23:17:25.021 logback [restartedMain] INFO  s.d.s.w.r.o.CachingOperationNameGenerator - Generating unique operation named: getUsingGET_8
23:17:25.022 logback [restartedMain] INFO  s.d.s.w.r.o.CachingOperationNameGenerator - Generating unique operation named: listUsingGET_8
23:17:25.023 logback [restartedMain] INFO  s.d.s.w.r.o.CachingOperationNameGenerator - Generating unique operation named: updUsingPUT_8
23:17:25.025 logback [restartedMain] INFO  o.a.coyote.http11.Http11NioProtocol - Starting ProtocolHandler ["http-nio-8080"]
23:17:25.030 logback [restartedMain] INFO  o.s.b.w.e.tomcat.TomcatWebServer - Tomcat started on port(s): 8080 (http) with context path ''
23:17:25.030 logback [restartedMain] INFO  c.dm.login.AccountSystemApplication - Started AccountSystemApplication in 1.15 seconds (JVM running for 630.041)
23:17:25.032 logback [restartedMain] INFO  o.s.b.d.a.ConditionEvaluationDeltaLoggingListener - Condition evaluation unchanged
23:17:44.149 logback [restartedMain] INFO  c.dm.login.AccountSystemApplication - Starting AccountSystemApplication on 2J5WQ1H032CES60 with PID 12860 (D:\project\AccountSystem\target\classes started by Administrator in D:\project\AccountSystem)
23:17:44.149 logback [restartedMain] INFO  c.dm.login.AccountSystemApplication - No active profile set, falling back to default profiles: default
23:17:44.481 logback [restartedMain] INFO  o.s.c.s.PostProcessorRegistrationDelegate$BeanPostProcessorChecker - Bean 'org.springframework.transaction.annotation.ProxyTransactionManagementConfiguration' of type [org.springframework.transaction.annotation.ProxyTransactionManagementConfiguration$$EnhancerBySpringCGLIB$$5a1435dd] is not eligible for getting processed by all BeanPostProcessors (for example: not eligible for auto-proxying)
23:17:44.571 logback [restartedMain] INFO  o.s.b.w.e.tomcat.TomcatWebServer - Tomcat initialized with port(s): 8080 (http)
23:17:44.572 logback [restartedMain] INFO  o.a.coyote.http11.Http11NioProtocol - Initializing ProtocolHandler ["http-nio-8080"]
23:17:44.572 logback [restartedMain] INFO  o.a.catalina.core.StandardService - Starting service [Tomcat]
23:17:44.572 logback [restartedMain] INFO  o.a.catalina.core.StandardEngine - Starting Servlet engine: [Apache Tomcat/9.0.17]
23:17:44.590 logback [restartedMain] INFO  o.a.c.c.C.[Tomcat].[localhost].[/] - Initializing Spring embedded WebApplicationContext
23:17:44.590 logback [restartedMain] INFO  o.s.web.context.ContextLoader - Root WebApplicationContext: initialization completed in 438 ms
23:17:44.855 logback [restartedMain] INFO  o.s.b.d.a.OptionalLiveReloadServer - LiveReload server is running on port 35729
23:17:44.957 logback [restartedMain] INFO  s.d.s.w.p.DocumentationPluginsBootstrapper - Context refreshed
23:17:44.957 logback [restartedMain] INFO  s.d.s.w.p.DocumentationPluginsBootstrapper - Found 1 custom documentation plugin(s)
23:17:44.960 logback [restartedMain] INFO  s.d.s.w.s.ApiListingReferenceScanner - Scanning for api listing references
23:17:44.980 logback [restartedMain] INFO  s.d.s.w.r.o.CachingOperationNameGenerator - Generating unique operation named: addUsingPOST_1
23:17:44.982 logback [restartedMain] INFO  s.d.s.w.r.o.CachingOperationNameGenerator - Generating unique operation named: deleteUsingDELETE_1
23:17:44.984 logback [restartedMain] INFO  s.d.s.w.r.o.CachingOperationNameGenerator - Generating unique operation named: getUsingGET_1
23:17:44.986 logback [restartedMain] INFO  s.d.s.w.r.o.CachingOperationNameGenerator - Generating unique operation named: listUsingGET_1
23:17:44.988 logback [restartedMain] INFO  s.d.s.w.r.o.CachingOperationNameGenerator - Generating unique operation named: updUsingPUT_1
23:17:44.990 logback [restartedMain] INFO  s.d.s.w.r.o.CachingOperationNameGenerator - Generating unique operation named: addUsingPOST_2
23:17:44.993 logback [restartedMain] INFO  s.d.s.w.r.o.CachingOperationNameGenerator - Generating unique operation named: deleteUsingDELETE_2
23:17:44.995 logback [restartedMain] INFO  s.d.s.w.r.o.CachingOperationNameGenerator - Generating unique operation named: getUsingGET_2
23:17:44.997 logback [restartedMain] INFO  s.d.s.w.r.o.CachingOperationNameGenerator - Generating unique operation named: listUsingGET_2
23:17:44.999 logback [restartedMain] INFO  s.d.s.w.r.o.CachingOperationNameGenerator - Generating unique operation named: updUsingPUT_2
23:17:45.001 logback [restartedMain] INFO  s.d.s.w.r.o.CachingOperationNameGenerator - Generating unique operation named: addUsingPOST_3
23:17:45.003 logback [restartedMain] INFO  s.d.s.w.r.o.CachingOperationNameGenerator - Generating unique operation named: deleteUsingDELETE_3
23:17:45.004 logback [restartedMain] INFO  s.d.s.w.r.o.CachingOperationNameGenerator - Generating unique operation named: getUsingGET_3
23:17:45.012 logback [restartedMain] INFO  s.d.s.w.r.o.CachingOperationNameGenerator - Generating unique operation named: listUsingGET_3
23:17:45.014 logback [restartedMain] INFO  s.d.s.w.r.o.CachingOperationNameGenerator - Generating unique operation named: updUsingPUT_3
23:17:45.016 logback [restartedMain] INFO  s.d.s.w.r.o.CachingOperationNameGenerator - Generating unique operation named: addUsingPOST_4
23:17:45.018 logback [restartedMain] INFO  s.d.s.w.r.o.CachingOperationNameGenerator - Generating unique operation named: deleteUsingDELETE_4
23:17:45.019 logback [restartedMain] INFO  s.d.s.w.r.o.CachingOperationNameGenerator - Generating unique operation named: getUsingGET_4
23:17:45.020 logback [restartedMain] INFO  s.d.s.w.r.o.CachingOperationNameGenerator - Generating unique operation named: listUsingGET_4
23:17:45.022 logback [restartedMain] INFO  s.d.s.w.r.o.CachingOperationNameGenerator - Generating unique operation named: updUsingPUT_4
23:17:45.024 logback [restartedMain] INFO  s.d.s.w.r.o.CachingOperationNameGenerator - Generating unique operation named: addUsingPOST_5
23:17:45.025 logback [restartedMain] INFO  s.d.s.w.r.o.CachingOperationNameGenerator - Generating unique operation named: deleteUsingDELETE_5
23:17:45.027 logback [restartedMain] INFO  s.d.s.w.r.o.CachingOperationNameGenerator - Generating unique operation named: getUsingGET_5
23:17:45.029 logback [restartedMain] INFO  s.d.s.w.r.o.CachingOperationNameGenerator - Generating unique operation named: listUsingGET_5
23:17:45.030 logback [restartedMain] INFO  s.d.s.w.r.o.CachingOperationNameGenerator - Generating unique operation named: updUsingPUT_5
23:17:45.032 logback [restartedMain] INFO  s.d.s.w.r.o.CachingOperationNameGenerator - Generating unique operation named: addUsingPOST_6
23:17:45.034 logback [restartedMain] INFO  s.d.s.w.r.o.CachingOperationNameGenerator - Generating unique operation named: deleteUsingDELETE_6
23:17:45.036 logback [restartedMain] INFO  s.d.s.w.r.o.CachingOperationNameGenerator - Generating unique operation named: getUsingGET_6
23:17:45.039 logback [restartedMain] INFO  s.d.s.w.r.o.CachingOperationNameGenerator - Generating unique operation named: listUsingGET_6
23:17:45.041 logback [restartedMain] INFO  s.d.s.w.r.o.CachingOperationNameGenerator - Generating unique operation named: updUsingPUT_6
23:17:45.044 logback [restartedMain] INFO  s.d.s.w.r.o.CachingOperationNameGenerator - Generating unique operation named: addUsingPOST_7
23:17:45.047 logback [restartedMain] INFO  s.d.s.w.r.o.CachingOperationNameGenerator - Generating unique operation named: deleteUsingDELETE_7
23:17:45.052 logback [restartedMain] INFO  s.d.s.w.r.o.CachingOperationNameGenerator - Generating unique operation named: getUsingGET_7
23:17:45.054 logback [restartedMain] INFO  s.d.s.w.r.o.CachingOperationNameGenerator - Generating unique operation named: listUsingGET_7
23:17:45.057 logback [restartedMain] INFO  s.d.s.w.r.o.CachingOperationNameGenerator - Generating unique operation named: updUsingPUT_7
23:17:45.061 logback [restartedMain] INFO  s.d.s.w.r.o.CachingOperationNameGenerator - Generating unique operation named: addUsingPOST_8
23:17:45.063 logback [restartedMain] INFO  s.d.s.w.r.o.CachingOperationNameGenerator - Generating unique operation named: deleteUsingDELETE_8
23:17:45.064 logback [restartedMain] INFO  s.d.s.w.r.o.CachingOperationNameGenerator - Generating unique operation named: getUsingGET_8
23:17:45.065 logback [restartedMain] INFO  s.d.s.w.r.o.CachingOperationNameGenerator - Generating unique operation named: listUsingGET_8
23:17:45.067 logback [restartedMain] INFO  s.d.s.w.r.o.CachingOperationNameGenerator - Generating unique operation named: updUsingPUT_8
23:17:45.076 logback [restartedMain] INFO  o.a.coyote.http11.Http11NioProtocol - Starting ProtocolHandler ["http-nio-8080"]
23:17:45.096 logback [restartedMain] INFO  o.s.b.w.e.tomcat.TomcatWebServer - Tomcat started on port(s): 8080 (http) with context path ''
23:17:45.097 logback [restartedMain] INFO  c.dm.login.AccountSystemApplication - Started AccountSystemApplication in 0.987 seconds (JVM running for 650.108)
23:17:45.100 logback [restartedMain] INFO  o.s.b.d.a.ConditionEvaluationDeltaLoggingListener - Condition evaluation unchanged
23:38:27.701 logback [restartedMain] INFO  c.dm.login.AccountSystemApplication - Starting AccountSystemApplication on 2J5WQ1H032CES60 with PID 12860 (D:\project\AccountSystem\target\classes started by Administrator in D:\project\AccountSystem)
23:38:27.701 logback [restartedMain] INFO  c.dm.login.AccountSystemApplication - No active profile set, falling back to default profiles: default
23:38:28.015 logback [restartedMain] INFO  o.s.c.s.PostProcessorRegistrationDelegate$BeanPostProcessorChecker - Bean 'org.springframework.transaction.annotation.ProxyTransactionManagementConfiguration' of type [org.springframework.transaction.annotation.ProxyTransactionManagementConfiguration$$EnhancerBySpringCGLIB$$5a1435dd] is not eligible for getting processed by all BeanPostProcessors (for example: not eligible for auto-proxying)
23:38:28.097 logback [restartedMain] INFO  o.s.b.w.e.tomcat.TomcatWebServer - Tomcat initialized with port(s): 8080 (http)
23:38:28.098 logback [restartedMain] INFO  o.a.coyote.http11.Http11NioProtocol - Initializing ProtocolHandler ["http-nio-8080"]
23:38:28.098 logback [restartedMain] INFO  o.a.catalina.core.StandardService - Starting service [Tomcat]
23:38:28.098 logback [restartedMain] INFO  o.a.catalina.core.StandardEngine - Starting Servlet engine: [Apache Tomcat/9.0.17]
23:38:28.113 logback [restartedMain] INFO  o.a.c.c.C.[Tomcat].[localhost].[/] - Initializing Spring embedded WebApplicationContext
23:38:28.114 logback [restartedMain] INFO  o.s.web.context.ContextLoader - Root WebApplicationContext: initialization completed in 411 ms
23:38:28.296 logback [restartedMain] INFO  o.s.b.d.a.OptionalLiveReloadServer - LiveReload server is running on port 35729
23:38:28.356 logback [restartedMain] INFO  s.d.s.w.p.DocumentationPluginsBootstrapper - Context refreshed
23:38:28.356 logback [restartedMain] INFO  s.d.s.w.p.DocumentationPluginsBootstrapper - Found 1 custom documentation plugin(s)
23:38:28.359 logback [restartedMain] INFO  s.d.s.w.s.ApiListingReferenceScanner - Scanning for api listing references
23:38:28.369 logback [restartedMain] INFO  s.d.s.w.r.o.CachingOperationNameGenerator - Generating unique operation named: addUsingPOST_1
23:38:28.370 logback [restartedMain] INFO  s.d.s.w.r.o.CachingOperationNameGenerator - Generating unique operation named: deleteUsingDELETE_1
23:38:28.371 logback [restartedMain] INFO  s.d.s.w.r.o.CachingOperationNameGenerator - Generating unique operation named: getUsingGET_1
23:38:28.372 logback [restartedMain] INFO  s.d.s.w.r.o.CachingOperationNameGenerator - Generating unique operation named: listUsingGET_1
23:38:28.372 logback [restartedMain] INFO  s.d.s.w.r.o.CachingOperationNameGenerator - Generating unique operation named: updUsingPUT_1
23:38:28.374 logback [restartedMain] INFO  s.d.s.w.r.o.CachingOperationNameGenerator - Generating unique operation named: addUsingPOST_2
23:38:28.375 logback [restartedMain] INFO  s.d.s.w.r.o.CachingOperationNameGenerator - Generating unique operation named: deleteUsingDELETE_2
23:38:28.376 logback [restartedMain] INFO  s.d.s.w.r.o.CachingOperationNameGenerator - Generating unique operation named: getUsingGET_2
23:38:28.376 logback [restartedMain] INFO  s.d.s.w.r.o.CachingOperationNameGenerator - Generating unique operation named: listUsingGET_2
23:38:28.377 logback [restartedMain] INFO  s.d.s.w.r.o.CachingOperationNameGenerator - Generating unique operation named: updUsingPUT_2
23:38:28.378 logback [restartedMain] INFO  s.d.s.w.r.o.CachingOperationNameGenerator - Generating unique operation named: addUsingPOST_3
23:38:28.379 logback [restartedMain] INFO  s.d.s.w.r.o.CachingOperationNameGenerator - Generating unique operation named: deleteUsingDELETE_3
23:38:28.380 logback [restartedMain] INFO  s.d.s.w.r.o.CachingOperationNameGenerator - Generating unique operation named: getUsingGET_3
23:38:28.384 logback [restartedMain] INFO  s.d.s.w.r.o.CachingOperationNameGenerator - Generating unique operation named: listUsingGET_3
23:38:28.385 logback [restartedMain] INFO  s.d.s.w.r.o.CachingOperationNameGenerator - Generating unique operation named: updUsingPUT_3
23:38:28.386 logback [restartedMain] INFO  s.d.s.w.r.o.CachingOperationNameGenerator - Generating unique operation named: addUsingPOST_4
23:38:28.387 logback [restartedMain] INFO  s.d.s.w.r.o.CachingOperationNameGenerator - Generating unique operation named: deleteUsingDELETE_4
23:38:28.387 logback [restartedMain] INFO  s.d.s.w.r.o.CachingOperationNameGenerator - Generating unique operation named: getUsingGET_4
23:38:28.388 logback [restartedMain] INFO  s.d.s.w.r.o.CachingOperationNameGenerator - Generating unique operation named: listUsingGET_4
23:38:28.389 logback [restartedMain] INFO  s.d.s.w.r.o.CachingOperationNameGenerator - Generating unique operation named: updUsingPUT_4
23:38:28.390 logback [restartedMain] INFO  s.d.s.w.r.o.CachingOperationNameGenerator - Generating unique operation named: addUsingPOST_5
23:38:28.391 logback [restartedMain] INFO  s.d.s.w.r.o.CachingOperationNameGenerator - Generating unique operation named: deleteUsingDELETE_5
23:38:28.392 logback [restartedMain] INFO  s.d.s.w.r.o.CachingOperationNameGenerator - Generating unique operation named: getUsingGET_5
23:38:28.393 logback [restartedMain] INFO  s.d.s.w.r.o.CachingOperationNameGenerator - Generating unique operation named: listUsingGET_5
23:38:28.393 logback [restartedMain] INFO  s.d.s.w.r.o.CachingOperationNameGenerator - Generating unique operation named: updUsingPUT_5
23:38:28.394 logback [restartedMain] INFO  s.d.s.w.r.o.CachingOperationNameGenerator - Generating unique operation named: addUsingPOST_6
23:38:28.395 logback [restartedMain] INFO  s.d.s.w.r.o.CachingOperationNameGenerator - Generating unique operation named: deleteUsingDELETE_6
23:38:28.396 logback [restartedMain] INFO  s.d.s.w.r.o.CachingOperationNameGenerator - Generating unique operation named: getUsingGET_6
23:38:28.396 logback [restartedMain] INFO  s.d.s.w.r.o.CachingOperationNameGenerator - Generating unique operation named: listUsingGET_6
23:38:28.397 logback [restartedMain] INFO  s.d.s.w.r.o.CachingOperationNameGenerator - Generating unique operation named: updUsingPUT_6
23:38:28.398 logback [restartedMain] INFO  s.d.s.w.r.o.CachingOperationNameGenerator - Generating unique operation named: addUsingPOST_7
23:38:28.399 logback [restartedMain] INFO  s.d.s.w.r.o.CachingOperationNameGenerator - Generating unique operation named: deleteUsingDELETE_7
23:38:28.400 logback [restartedMain] INFO  s.d.s.w.r.o.CachingOperationNameGenerator - Generating unique operation named: getUsingGET_7
23:38:28.400 logback [restartedMain] INFO  s.d.s.w.r.o.CachingOperationNameGenerator - Generating unique operation named: listUsingGET_7
23:38:28.401 logback [restartedMain] INFO  s.d.s.w.r.o.CachingOperationNameGenerator - Generating unique operation named: updUsingPUT_7
23:38:28.402 logback [restartedMain] INFO  s.d.s.w.r.o.CachingOperationNameGenerator - Generating unique operation named: addUsingPOST_8
23:38:28.403 logback [restartedMain] INFO  s.d.s.w.r.o.CachingOperationNameGenerator - Generating unique operation named: deleteUsingDELETE_8
23:38:28.403 logback [restartedMain] INFO  s.d.s.w.r.o.CachingOperationNameGenerator - Generating unique operation named: getUsingGET_8
23:38:28.404 logback [restartedMain] INFO  s.d.s.w.r.o.CachingOperationNameGenerator - Generating unique operation named: listUsingGET_8
23:38:28.405 logback [restartedMain] INFO  s.d.s.w.r.o.CachingOperationNameGenerator - Generating unique operation named: updUsingPUT_8
23:38:28.409 logback [restartedMain] INFO  o.a.coyote.http11.Http11NioProtocol - Starting ProtocolHandler ["http-nio-8080"]
23:38:28.411 logback [restartedMain] INFO  o.s.b.w.e.tomcat.TomcatWebServer - Tomcat started on port(s): 8080 (http) with context path ''
23:38:28.411 logback [restartedMain] INFO  c.dm.login.AccountSystemApplication - Started AccountSystemApplication in 0.745 seconds (JVM running for 1893.422)
23:38:28.413 logback [restartedMain] INFO  o.s.b.d.a.ConditionEvaluationDeltaLoggingListener - Condition evaluation unchanged
23:39:11.863 logback [restartedMain] INFO  c.dm.login.AccountSystemApplication - Starting AccountSystemApplication on 2J5WQ1H032CES60 with PID 12860 (D:\project\AccountSystem\target\classes started by Administrator in D:\project\AccountSystem)
23:39:11.863 logback [restartedMain] INFO  c.dm.login.AccountSystemApplication - No active profile set, falling back to default profiles: default
23:39:12.217 logback [restartedMain] INFO  o.s.c.s.PostProcessorRegistrationDelegate$BeanPostProcessorChecker - Bean 'org.springframework.transaction.annotation.ProxyTransactionManagementConfiguration' of type [org.springframework.transaction.annotation.ProxyTransactionManagementConfiguration$$EnhancerBySpringCGLIB$$5a1435dd] is not eligible for getting processed by all BeanPostProcessors (for example: not eligible for auto-proxying)
23:39:12.276 logback [restartedMain] INFO  o.s.b.w.e.tomcat.TomcatWebServer - Tomcat initialized with port(s): 8080 (http)
23:39:12.277 logback [restartedMain] INFO  o.a.coyote.http11.Http11NioProtocol - Initializing ProtocolHandler ["http-nio-8080"]
23:39:12.277 logback [restartedMain] INFO  o.a.catalina.core.StandardService - Starting service [Tomcat]
23:39:12.277 logback [restartedMain] INFO  o.a.catalina.core.StandardEngine - Starting Servlet engine: [Apache Tomcat/9.0.17]
23:39:12.293 logback [restartedMain] INFO  o.a.c.c.C.[Tomcat].[localhost].[/] - Initializing Spring embedded WebApplicationContext
23:39:12.293 logback [restartedMain] INFO  o.s.web.context.ContextLoader - Root WebApplicationContext: initialization completed in 429 ms
23:39:12.637 logback [restartedMain] INFO  o.s.b.d.a.OptionalLiveReloadServer - LiveReload server is running on port 35729
23:39:12.722 logback [restartedMain] INFO  s.d.s.w.p.DocumentationPluginsBootstrapper - Context refreshed
23:39:12.724 logback [restartedMain] INFO  s.d.s.w.p.DocumentationPluginsBootstrapper - Found 1 custom documentation plugin(s)
23:39:12.728 logback [restartedMain] INFO  s.d.s.w.s.ApiListingReferenceScanner - Scanning for api listing references
23:39:12.745 logback [restartedMain] INFO  s.d.s.w.r.o.CachingOperationNameGenerator - Generating unique operation named: addUsingPOST_1
23:39:12.746 logback [restartedMain] INFO  s.d.s.w.r.o.CachingOperationNameGenerator - Generating unique operation named: deleteUsingDELETE_1
23:39:12.747 logback [restartedMain] INFO  s.d.s.w.r.o.CachingOperationNameGenerator - Generating unique operation named: getUsingGET_1
23:39:12.748 logback [restartedMain] INFO  s.d.s.w.r.o.CachingOperationNameGenerator - Generating unique operation named: listUsingGET_1
23:39:12.748 logback [restartedMain] INFO  s.d.s.w.r.o.CachingOperationNameGenerator - Generating unique operation named: updUsingPUT_1
23:39:12.750 logback [restartedMain] INFO  s.d.s.w.r.o.CachingOperationNameGenerator - Generating unique operation named: addUsingPOST_2
23:39:12.751 logback [restartedMain] INFO  s.d.s.w.r.o.CachingOperationNameGenerator - Generating unique operation named: deleteUsingDELETE_2
23:39:12.752 logback [restartedMain] INFO  s.d.s.w.r.o.CachingOperationNameGenerator - Generating unique operation named: getUsingGET_2
23:39:12.752 logback [restartedMain] INFO  s.d.s.w.r.o.CachingOperationNameGenerator - Generating unique operation named: listUsingGET_2
23:39:12.753 logback [restartedMain] INFO  s.d.s.w.r.o.CachingOperationNameGenerator - Generating unique operation named: updUsingPUT_2
23:39:12.754 logback [restartedMain] INFO  s.d.s.w.r.o.CachingOperationNameGenerator - Generating unique operation named: addUsingPOST_3
23:39:12.755 logback [restartedMain] INFO  s.d.s.w.r.o.CachingOperationNameGenerator - Generating unique operation named: deleteUsingDELETE_3
23:39:12.756 logback [restartedMain] INFO  s.d.s.w.r.o.CachingOperationNameGenerator - Generating unique operation named: getUsingGET_3
23:39:12.760 logback [restartedMain] INFO  s.d.s.w.r.o.CachingOperationNameGenerator - Generating unique operation named: listUsingGET_3
23:39:12.761 logback [restartedMain] INFO  s.d.s.w.r.o.CachingOperationNameGenerator - Generating unique operation named: updUsingPUT_3
23:39:12.762 logback [restartedMain] INFO  s.d.s.w.r.o.CachingOperationNameGenerator - Generating unique operation named: addUsingPOST_4
23:39:12.762 logback [restartedMain] INFO  s.d.s.w.r.o.CachingOperationNameGenerator - Generating unique operation named: deleteUsingDELETE_4
23:39:12.763 logback [restartedMain] INFO  s.d.s.w.r.o.CachingOperationNameGenerator - Generating unique operation named: getUsingGET_4
23:39:12.764 logback [restartedMain] INFO  s.d.s.w.r.o.CachingOperationNameGenerator - Generating unique operation named: listUsingGET_4
23:39:12.764 logback [restartedMain] INFO  s.d.s.w.r.o.CachingOperationNameGenerator - Generating unique operation named: updUsingPUT_4
23:39:12.765 logback [restartedMain] INFO  s.d.s.w.r.o.CachingOperationNameGenerator - Generating unique operation named: addUsingPOST_5
23:39:12.767 logback [restartedMain] INFO  s.d.s.w.r.o.CachingOperationNameGenerator - Generating unique operation named: deleteUsingDELETE_5
23:39:12.768 logback [restartedMain] INFO  s.d.s.w.r.o.CachingOperationNameGenerator - Generating unique operation named: getUsingGET_5
23:39:12.769 logback [restartedMain] INFO  s.d.s.w.r.o.CachingOperationNameGenerator - Generating unique operation named: listUsingGET_5
23:39:12.771 logback [restartedMain] INFO  s.d.s.w.r.o.CachingOperationNameGenerator - Generating unique operation named: updUsingPUT_5
23:39:12.774 logback [restartedMain] INFO  s.d.s.w.r.o.CachingOperationNameGenerator - Generating unique operation named: addUsingPOST_6
23:39:12.776 logback [restartedMain] INFO  s.d.s.w.r.o.CachingOperationNameGenerator - Generating unique operation named: deleteUsingDELETE_6
23:39:12.777 logback [restartedMain] INFO  s.d.s.w.r.o.CachingOperationNameGenerator - Generating unique operation named: getUsingGET_6
23:39:12.778 logback [restartedMain] INFO  s.d.s.w.r.o.CachingOperationNameGenerator - Generating unique operation named: listUsingGET_6
23:39:12.780 logback [restartedMain] INFO  s.d.s.w.r.o.CachingOperationNameGenerator - Generating unique operation named: updUsingPUT_6
23:39:12.781 logback [restartedMain] INFO  s.d.s.w.r.o.CachingOperationNameGenerator - Generating unique operation named: addUsingPOST_7
23:39:12.782 logback [restartedMain] INFO  s.d.s.w.r.o.CachingOperationNameGenerator - Generating unique operation named: deleteUsingDELETE_7
23:39:12.783 logback [restartedMain] INFO  s.d.s.w.r.o.CachingOperationNameGenerator - Generating unique operation named: getUsingGET_7
23:39:12.784 logback [restartedMain] INFO  s.d.s.w.r.o.CachingOperationNameGenerator - Generating unique operation named: listUsingGET_7
23:39:12.785 logback [restartedMain] INFO  s.d.s.w.r.o.CachingOperationNameGenerator - Generating unique operation named: updUsingPUT_7
23:39:12.786 logback [restartedMain] INFO  s.d.s.w.r.o.CachingOperationNameGenerator - Generating unique operation named: addUsingPOST_8
23:39:12.787 logback [restartedMain] INFO  s.d.s.w.r.o.CachingOperationNameGenerator - Generating unique operation named: deleteUsingDELETE_8
23:39:12.787 logback [restartedMain] INFO  s.d.s.w.r.o.CachingOperationNameGenerator - Generating unique operation named: getUsingGET_8
23:39:12.788 logback [restartedMain] INFO  s.d.s.w.r.o.CachingOperationNameGenerator - Generating unique operation named: listUsingGET_8
23:39:12.789 logback [restartedMain] INFO  s.d.s.w.r.o.CachingOperationNameGenerator - Generating unique operation named: updUsingPUT_8
23:39:12.792 logback [restartedMain] INFO  o.a.coyote.http11.Http11NioProtocol - Starting ProtocolHandler ["http-nio-8080"]
23:39:12.795 logback [restartedMain] INFO  o.s.b.w.e.tomcat.TomcatWebServer - Tomcat started on port(s): 8080 (http) with context path ''
23:39:12.795 logback [restartedMain] INFO  c.dm.login.AccountSystemApplication - Started AccountSystemApplication in 0.955 seconds (JVM running for 1937.807)
23:39:12.797 logback [restartedMain] INFO  o.s.b.d.a.ConditionEvaluationDeltaLoggingListener - Condition evaluation unchanged
23:42:47.768 logback [restartedMain] INFO  c.dm.login.AccountSystemApplication - Starting AccountSystemApplication on 2J5WQ1H032CES60 with PID 12860 (D:\project\AccountSystem\target\classes started by Administrator in D:\project\AccountSystem)
23:42:47.768 logback [restartedMain] INFO  c.dm.login.AccountSystemApplication - No active profile set, falling back to default profiles: default
23:42:48.181 logback [restartedMain] INFO  o.s.c.s.PostProcessorRegistrationDelegate$BeanPostProcessorChecker - Bean 'org.springframework.transaction.annotation.ProxyTransactionManagementConfiguration' of type [org.springframework.transaction.annotation.ProxyTransactionManagementConfiguration$$EnhancerBySpringCGLIB$$5a1435dd] is not eligible for getting processed by all BeanPostProcessors (for example: not eligible for auto-proxying)
23:42:48.248 logback [restartedMain] INFO  o.s.b.w.e.tomcat.TomcatWebServer - Tomcat initialized with port(s): 8080 (http)
23:42:48.249 logback [restartedMain] INFO  o.a.coyote.http11.Http11NioProtocol - Initializing ProtocolHandler ["http-nio-8080"]
23:42:48.249 logback [restartedMain] INFO  o.a.catalina.core.StandardService - Starting service [Tomcat]
23:42:48.249 logback [restartedMain] INFO  o.a.catalina.core.StandardEngine - Starting Servlet engine: [Apache Tomcat/9.0.17]
23:42:48.268 logback [restartedMain] INFO  o.a.c.c.C.[Tomcat].[localhost].[/] - Initializing Spring embedded WebApplicationContext
23:42:48.268 logback [restartedMain] INFO  o.s.web.context.ContextLoader - Root WebApplicationContext: initialization completed in 498 ms
23:42:48.564 logback [restartedMain] INFO  o.s.b.d.a.OptionalLiveReloadServer - LiveReload server is running on port 35729
23:42:48.631 logback [restartedMain] INFO  s.d.s.w.p.DocumentationPluginsBootstrapper - Context refreshed
23:42:48.631 logback [restartedMain] INFO  s.d.s.w.p.DocumentationPluginsBootstrapper - Found 1 custom documentation plugin(s)
23:42:48.633 logback [restartedMain] INFO  s.d.s.w.s.ApiListingReferenceScanner - Scanning for api listing references
23:42:48.643 logback [restartedMain] INFO  s.d.s.w.r.o.CachingOperationNameGenerator - Generating unique operation named: addUsingPOST_1
23:42:48.644 logback [restartedMain] INFO  s.d.s.w.r.o.CachingOperationNameGenerator - Generating unique operation named: deleteUsingDELETE_1
23:42:48.645 logback [restartedMain] INFO  s.d.s.w.r.o.CachingOperationNameGenerator - Generating unique operation named: getUsingGET_1
23:42:48.645 logback [restartedMain] INFO  s.d.s.w.r.o.CachingOperationNameGenerator - Generating unique operation named: listUsingGET_1
23:42:48.646 logback [restartedMain] INFO  s.d.s.w.r.o.CachingOperationNameGenerator - Generating unique operation named: updUsingPUT_1
23:42:48.647 logback [restartedMain] INFO  s.d.s.w.r.o.CachingOperationNameGenerator - Generating unique operation named: addUsingPOST_2
23:42:48.648 logback [restartedMain] INFO  s.d.s.w.r.o.CachingOperationNameGenerator - Generating unique operation named: deleteUsingDELETE_2
23:42:48.648 logback [restartedMain] INFO  s.d.s.w.r.o.CachingOperationNameGenerator - Generating unique operation named: getUsingGET_2
23:42:48.649 logback [restartedMain] INFO  s.d.s.w.r.o.CachingOperationNameGenerator - Generating unique operation named: listUsingGET_2
23:42:48.650 logback [restartedMain] INFO  s.d.s.w.r.o.CachingOperationNameGenerator - Generating unique operation named: updUsingPUT_2
23:42:48.651 logback [restartedMain] INFO  s.d.s.w.r.o.CachingOperationNameGenerator - Generating unique operation named: addUsingPOST_3
23:42:48.651 logback [restartedMain] INFO  s.d.s.w.r.o.CachingOperationNameGenerator - Generating unique operation named: deleteUsingDELETE_3
23:42:48.652 logback [restartedMain] INFO  s.d.s.w.r.o.CachingOperationNameGenerator - Generating unique operation named: getUsingGET_3
23:42:48.656 logback [restartedMain] INFO  s.d.s.w.r.o.CachingOperationNameGenerator - Generating unique operation named: listUsingGET_3
23:42:48.657 logback [restartedMain] INFO  s.d.s.w.r.o.CachingOperationNameGenerator - Generating unique operation named: updUsingPUT_3
23:42:48.658 logback [restartedMain] INFO  s.d.s.w.r.o.CachingOperationNameGenerator - Generating unique operation named: addUsingPOST_4
23:42:48.659 logback [restartedMain] INFO  s.d.s.w.r.o.CachingOperationNameGenerator - Generating unique operation named: deleteUsingDELETE_4
23:42:48.659 logback [restartedMain] INFO  s.d.s.w.r.o.CachingOperationNameGenerator - Generating unique operation named: getUsingGET_4
23:42:48.660 logback [restartedMain] INFO  s.d.s.w.r.o.CachingOperationNameGenerator - Generating unique operation named: listUsingGET_4
23:42:48.661 logback [restartedMain] INFO  s.d.s.w.r.o.CachingOperationNameGenerator - Generating unique operation named: updUsingPUT_4
23:42:48.662 logback [restartedMain] INFO  s.d.s.w.r.o.CachingOperationNameGenerator - Generating unique operation named: addUsingPOST_5
23:42:48.663 logback [restartedMain] INFO  s.d.s.w.r.o.CachingOperationNameGenerator - Generating unique operation named: deleteUsingDELETE_5
23:42:48.664 logback [restartedMain] INFO  s.d.s.w.r.o.CachingOperationNameGenerator - Generating unique operation named: getUsingGET_5
23:42:48.665 logback [restartedMain] INFO  s.d.s.w.r.o.CachingOperationNameGenerator - Generating unique operation named: listUsingGET_5
23:42:48.665 logback [restartedMain] INFO  s.d.s.w.r.o.CachingOperationNameGenerator - Generating unique operation named: updUsingPUT_5
23:42:48.666 logback [restartedMain] INFO  s.d.s.w.r.o.CachingOperationNameGenerator - Generating unique operation named: addUsingPOST_6
23:42:48.667 logback [restartedMain] INFO  s.d.s.w.r.o.CachingOperationNameGenerator - Generating unique operation named: deleteUsingDELETE_6
23:42:48.668 logback [restartedMain] INFO  s.d.s.w.r.o.CachingOperationNameGenerator - Generating unique operation named: getUsingGET_6
23:42:48.669 logback [restartedMain] INFO  s.d.s.w.r.o.CachingOperationNameGenerator - Generating unique operation named: listUsingGET_6
23:42:48.670 logback [restartedMain] INFO  s.d.s.w.r.o.CachingOperationNameGenerator - Generating unique operation named: updUsingPUT_6
23:42:48.671 logback [restartedMain] INFO  s.d.s.w.r.o.CachingOperationNameGenerator - Generating unique operation named: addUsingPOST_7
23:42:48.671 logback [restartedMain] INFO  s.d.s.w.r.o.CachingOperationNameGenerator - Generating unique operation named: deleteUsingDELETE_7
23:42:48.672 logback [restartedMain] INFO  s.d.s.w.r.o.CachingOperationNameGenerator - Generating unique operation named: getUsingGET_7
23:42:48.673 logback [restartedMain] INFO  s.d.s.w.r.o.CachingOperationNameGenerator - Generating unique operation named: listUsingGET_7
23:42:48.674 logback [restartedMain] INFO  s.d.s.w.r.o.CachingOperationNameGenerator - Generating unique operation named: updUsingPUT_7
23:42:48.674 logback [restartedMain] INFO  s.d.s.w.r.o.CachingOperationNameGenerator - Generating unique operation named: addUsingPOST_8
23:42:48.675 logback [restartedMain] INFO  s.d.s.w.r.o.CachingOperationNameGenerator - Generating unique operation named: deleteUsingDELETE_8
23:42:48.676 logback [restartedMain] INFO  s.d.s.w.r.o.CachingOperationNameGenerator - Generating unique operation named: getUsingGET_8
23:42:48.676 logback [restartedMain] INFO  s.d.s.w.r.o.CachingOperationNameGenerator - Generating unique operation named: listUsingGET_8
23:42:48.677 logback [restartedMain] INFO  s.d.s.w.r.o.CachingOperationNameGenerator - Generating unique operation named: updUsingPUT_8
23:42:48.680 logback [restartedMain] INFO  o.a.coyote.http11.Http11NioProtocol - Starting ProtocolHandler ["http-nio-8080"]
23:42:48.682 logback [restartedMain] INFO  o.s.b.w.e.tomcat.TomcatWebServer - Tomcat started on port(s): 8080 (http) with context path ''
23:42:48.682 logback [restartedMain] INFO  c.dm.login.AccountSystemApplication - Started AccountSystemApplication in 1.0 seconds (JVM running for 2153.693)
23:42:48.684 logback [restartedMain] INFO  o.s.b.d.a.ConditionEvaluationDeltaLoggingListener - Condition evaluation unchanged
23:43:46.859 logback [restartedMain] INFO  c.dm.login.AccountSystemApplication - Starting AccountSystemApplication on 2J5WQ1H032CES60 with PID 12860 (D:\project\AccountSystem\target\classes started by Administrator in D:\project\AccountSystem)
23:43:46.859 logback [restartedMain] INFO  c.dm.login.AccountSystemApplication - No active profile set, falling back to default profiles: default
23:43:47.131 logback [restartedMain] INFO  o.s.c.s.PostProcessorRegistrationDelegate$BeanPostProcessorChecker - Bean 'org.springframework.transaction.annotation.ProxyTransactionManagementConfiguration' of type [org.springframework.transaction.annotation.ProxyTransactionManagementConfiguration$$EnhancerBySpringCGLIB$$5a1435dd] is not eligible for getting processed by all BeanPostProcessors (for example: not eligible for auto-proxying)
23:43:47.188 logback [restartedMain] INFO  o.s.b.w.e.tomcat.TomcatWebServer - Tomcat initialized with port(s): 8080 (http)
23:43:47.189 logback [restartedMain] INFO  o.a.coyote.http11.Http11NioProtocol - Initializing ProtocolHandler ["http-nio-8080"]
23:43:47.189 logback [restartedMain] INFO  o.a.catalina.core.StandardService - Starting service [Tomcat]
23:43:47.189 logback [restartedMain] INFO  o.a.catalina.core.StandardEngine - Starting Servlet engine: [Apache Tomcat/9.0.17]
23:43:47.204 logback [restartedMain] INFO  o.a.c.c.C.[Tomcat].[localhost].[/] - Initializing Spring embedded WebApplicationContext
23:43:47.204 logback [restartedMain] INFO  o.s.web.context.ContextLoader - Root WebApplicationContext: initialization completed in 342 ms
23:43:47.411 logback [restartedMain] INFO  o.s.b.d.a.OptionalLiveReloadServer - LiveReload server is running on port 35729
23:43:47.481 logback [restartedMain] INFO  s.d.s.w.p.DocumentationPluginsBootstrapper - Context refreshed
23:43:47.482 logback [restartedMain] INFO  s.d.s.w.p.DocumentationPluginsBootstrapper - Found 1 custom documentation plugin(s)
23:43:47.485 logback [restartedMain] INFO  s.d.s.w.s.ApiListingReferenceScanner - Scanning for api listing references
23:43:47.498 logback [restartedMain] INFO  s.d.s.w.r.o.CachingOperationNameGenerator - Generating unique operation named: addUsingPOST_1
23:43:47.498 logback [restartedMain] INFO  s.d.s.w.r.o.CachingOperationNameGenerator - Generating unique operation named: deleteUsingDELETE_1
23:43:47.499 logback [restartedMain] INFO  s.d.s.w.r.o.CachingOperationNameGenerator - Generating unique operation named: getUsingGET_1
23:43:47.500 logback [restartedMain] INFO  s.d.s.w.r.o.CachingOperationNameGenerator - Generating unique operation named: listUsingGET_1
23:43:47.501 logback [restartedMain] INFO  s.d.s.w.r.o.CachingOperationNameGenerator - Generating unique operation named: updUsingPUT_1
23:43:47.502 logback [restartedMain] INFO  s.d.s.w.r.o.CachingOperationNameGenerator - Generating unique operation named: addUsingPOST_2
23:43:47.503 logback [restartedMain] INFO  s.d.s.w.r.o.CachingOperationNameGenerator - Generating unique operation named: deleteUsingDELETE_2
23:43:47.503 logback [restartedMain] INFO  s.d.s.w.r.o.CachingOperationNameGenerator - Generating unique operation named: getUsingGET_2
23:43:47.504 logback [restartedMain] INFO  s.d.s.w.r.o.CachingOperationNameGenerator - Generating unique operation named: listUsingGET_2
23:43:47.505 logback [restartedMain] INFO  s.d.s.w.r.o.CachingOperationNameGenerator - Generating unique operation named: updUsingPUT_2
23:43:47.506 logback [restartedMain] INFO  s.d.s.w.r.o.CachingOperationNameGenerator - Generating unique operation named: addUsingPOST_3
23:43:47.507 logback [restartedMain] INFO  s.d.s.w.r.o.CachingOperationNameGenerator - Generating unique operation named: deleteUsingDELETE_3
23:43:47.507 logback [restartedMain] INFO  s.d.s.w.r.o.CachingOperationNameGenerator - Generating unique operation named: getUsingGET_3
23:43:47.513 logback [restartedMain] INFO  s.d.s.w.r.o.CachingOperationNameGenerator - Generating unique operation named: listUsingGET_3
23:43:47.514 logback [restartedMain] INFO  s.d.s.w.r.o.CachingOperationNameGenerator - Generating unique operation named: updUsingPUT_3
23:43:47.515 logback [restartedMain] INFO  s.d.s.w.r.o.CachingOperationNameGenerator - Generating unique operation named: addUsingPOST_4
23:43:47.516 logback [restartedMain] INFO  s.d.s.w.r.o.CachingOperationNameGenerator - Generating unique operation named: deleteUsingDELETE_4
23:43:47.517 logback [restartedMain] INFO  s.d.s.w.r.o.CachingOperationNameGenerator - Generating unique operation named: getUsingGET_4
23:43:47.518 logback [restartedMain] INFO  s.d.s.w.r.o.CachingOperationNameGenerator - Generating unique operation named: listUsingGET_4
23:43:47.519 logback [restartedMain] INFO  s.d.s.w.r.o.CachingOperationNameGenerator - Generating unique operation named: updUsingPUT_4
23:43:47.520 logback [restartedMain] INFO  s.d.s.w.r.o.CachingOperationNameGenerator - Generating unique operation named: addUsingPOST_5
23:43:47.521 logback [restartedMain] INFO  s.d.s.w.r.o.CachingOperationNameGenerator - Generating unique operation named: deleteUsingDELETE_5
23:43:47.522 logback [restartedMain] INFO  s.d.s.w.r.o.CachingOperationNameGenerator - Generating unique operation named: getUsingGET_5
23:43:47.523 logback [restartedMain] INFO  s.d.s.w.r.o.CachingOperationNameGenerator - Generating unique operation named: listUsingGET_5
23:43:47.525 logback [restartedMain] INFO  s.d.s.w.r.o.CachingOperationNameGenerator - Generating unique operation named: updUsingPUT_5
23:43:47.526 logback [restartedMain] INFO  s.d.s.w.r.o.CachingOperationNameGenerator - Generating unique operation named: addUsingPOST_6
23:43:47.528 logback [restartedMain] INFO  s.d.s.w.r.o.CachingOperationNameGenerator - Generating unique operation named: deleteUsingDELETE_6
23:43:47.530 logback [restartedMain] INFO  s.d.s.w.r.o.CachingOperationNameGenerator - Generating unique operation named: getUsingGET_6
23:43:47.532 logback [restartedMain] INFO  s.d.s.w.r.o.CachingOperationNameGenerator - Generating unique operation named: listUsingGET_6
23:43:47.533 logback [restartedMain] INFO  s.d.s.w.r.o.CachingOperationNameGenerator - Generating unique operation named: updUsingPUT_6
23:43:47.536 logback [restartedMain] INFO  s.d.s.w.r.o.CachingOperationNameGenerator - Generating unique operation named: addUsingPOST_7
23:43:47.537 logback [restartedMain] INFO  s.d.s.w.r.o.CachingOperationNameGenerator - Generating unique operation named: deleteUsingDELETE_7
23:43:47.539 logback [restartedMain] INFO  s.d.s.w.r.o.CachingOperationNameGenerator - Generating unique operation named: getUsingGET_7
23:43:47.540 logback [restartedMain] INFO  s.d.s.w.r.o.CachingOperationNameGenerator - Generating unique operation named: listUsingGET_7
23:43:47.541 logback [restartedMain] INFO  s.d.s.w.r.o.CachingOperationNameGenerator - Generating unique operation named: updUsingPUT_7
23:43:47.542 logback [restartedMain] INFO  s.d.s.w.r.o.CachingOperationNameGenerator - Generating unique operation named: addUsingPOST_8
23:43:47.543 logback [restartedMain] INFO  s.d.s.w.r.o.CachingOperationNameGenerator - Generating unique operation named: deleteUsingDELETE_8
23:43:47.545 logback [restartedMain] INFO  s.d.s.w.r.o.CachingOperationNameGenerator - Generating unique operation named: getUsingGET_8
23:43:47.546 logback [restartedMain] INFO  s.d.s.w.r.o.CachingOperationNameGenerator - Generating unique operation named: listUsingGET_8
23:43:47.547 logback [restartedMain] INFO  s.d.s.w.r.o.CachingOperationNameGenerator - Generating unique operation named: updUsingPUT_8
23:43:47.551 logback [restartedMain] INFO  o.a.coyote.http11.Http11NioProtocol - Starting ProtocolHandler ["http-nio-8080"]
23:43:47.555 logback [restartedMain] INFO  o.s.b.w.e.tomcat.TomcatWebServer - Tomcat started on port(s): 8080 (http) with context path ''
23:43:47.556 logback [restartedMain] INFO  c.dm.login.AccountSystemApplication - Started AccountSystemApplication in 0.72 seconds (JVM running for 2212.567)
23:43:47.559 logback [restartedMain] INFO  o.s.b.d.a.ConditionEvaluationDeltaLoggingListener - Condition evaluation unchanged
23:59:21.899 logback [restartedMain] INFO  c.dm.login.AccountSystemApplication - Starting AccountSystemApplication on 2J5WQ1H032CES60 with PID 12860 (D:\project\AccountSystem\target\classes started by Administrator in D:\project\AccountSystem)
23:59:21.899 logback [restartedMain] INFO  c.dm.login.AccountSystemApplication - No active profile set, falling back to default profiles: default
23:59:22.199 logback [restartedMain] INFO  o.s.c.s.PostProcessorRegistrationDelegate$BeanPostProcessorChecker - Bean 'org.springframework.transaction.annotation.ProxyTransactionManagementConfiguration' of type [org.springframework.transaction.annotation.ProxyTransactionManagementConfiguration$$EnhancerBySpringCGLIB$$5a1435dd] is not eligible for getting processed by all BeanPostProcessors (for example: not eligible for auto-proxying)
23:59:22.276 logback [restartedMain] INFO  o.s.b.w.e.tomcat.TomcatWebServer - Tomcat initialized with port(s): 8080 (http)
23:59:22.277 logback [restartedMain] INFO  o.a.coyote.http11.Http11NioProtocol - Initializing ProtocolHandler ["http-nio-8080"]
23:59:22.277 logback [restartedMain] INFO  o.a.catalina.core.StandardService - Starting service [Tomcat]
23:59:22.277 logback [restartedMain] INFO  o.a.catalina.core.StandardEngine - Starting Servlet engine: [Apache Tomcat/9.0.17]
23:59:22.300 logback [restartedMain] INFO  o.a.c.c.C.[Tomcat].[localhost].[/] - Initializing Spring embedded WebApplicationContext
23:59:22.300 logback [restartedMain] INFO  o.s.web.context.ContextLoader - Root WebApplicationContext: initialization completed in 400 ms
23:59:22.529 logback [restartedMain] INFO  o.s.b.d.a.OptionalLiveReloadServer - LiveReload server is running on port 35729
23:59:22.615 logback [restartedMain] INFO  s.d.s.w.p.DocumentationPluginsBootstrapper - Context refreshed
23:59:22.616 logback [restartedMain] INFO  s.d.s.w.p.DocumentationPluginsBootstrapper - Found 1 custom documentation plugin(s)
23:59:22.620 logback [restartedMain] INFO  s.d.s.w.s.ApiListingReferenceScanner - Scanning for api listing references
23:59:22.637 logback [restartedMain] INFO  s.d.s.w.r.o.CachingOperationNameGenerator - Generating unique operation named: addUsingPOST_1
23:59:22.639 logback [restartedMain] INFO  s.d.s.w.r.o.CachingOperationNameGenerator - Generating unique operation named: deleteUsingDELETE_1
23:59:22.641 logback [restartedMain] INFO  s.d.s.w.r.o.CachingOperationNameGenerator - Generating unique operation named: getUsingGET_1
23:59:22.642 logback [restartedMain] INFO  s.d.s.w.r.o.CachingOperationNameGenerator - Generating unique operation named: listUsingGET_1
23:59:22.644 logback [restartedMain] INFO  s.d.s.w.r.o.CachingOperationNameGenerator - Generating unique operation named: updUsingPUT_1
23:59:22.645 logback [restartedMain] INFO  s.d.s.w.r.o.CachingOperationNameGenerator - Generating unique operation named: addUsingPOST_2
23:59:22.646 logback [restartedMain] INFO  s.d.s.w.r.o.CachingOperationNameGenerator - Generating unique operation named: deleteUsingDELETE_2
23:59:22.648 logback [restartedMain] INFO  s.d.s.w.r.o.CachingOperationNameGenerator - Generating unique operation named: getUsingGET_2
23:59:22.649 logback [restartedMain] INFO  s.d.s.w.r.o.CachingOperationNameGenerator - Generating unique operation named: listUsingGET_2
23:59:22.650 logback [restartedMain] INFO  s.d.s.w.r.o.CachingOperationNameGenerator - Generating unique operation named: updUsingPUT_2
23:59:22.653 logback [restartedMain] INFO  s.d.s.w.r.o.CachingOperationNameGenerator - Generating unique operation named: addUsingPOST_3
23:59:22.655 logback [restartedMain] INFO  s.d.s.w.r.o.CachingOperationNameGenerator - Generating unique operation named: deleteUsingDELETE_3
23:59:22.656 logback [restartedMain] INFO  s.d.s.w.r.o.CachingOperationNameGenerator - Generating unique operation named: getUsingGET_3
23:59:22.662 logback [restartedMain] INFO  s.d.s.w.r.o.CachingOperationNameGenerator - Generating unique operation named: listUsingGET_3
23:59:22.663 logback [restartedMain] INFO  s.d.s.w.r.o.CachingOperationNameGenerator - Generating unique operation named: updUsingPUT_3
23:59:22.665 logback [restartedMain] INFO  s.d.s.w.r.o.CachingOperationNameGenerator - Generating unique operation named: addUsingPOST_4
23:59:22.666 logback [restartedMain] INFO  s.d.s.w.r.o.CachingOperationNameGenerator - Generating unique operation named: deleteUsingDELETE_4
23:59:22.667 logback [restartedMain] INFO  s.d.s.w.r.o.CachingOperationNameGenerator - Generating unique operation named: getUsingGET_4
23:59:22.669 logback [restartedMain] INFO  s.d.s.w.r.o.CachingOperationNameGenerator - Generating unique operation named: listUsingGET_4
23:59:22.671 logback [restartedMain] INFO  s.d.s.w.r.o.CachingOperationNameGenerator - Generating unique operation named: updUsingPUT_4
23:59:22.672 logback [restartedMain] INFO  s.d.s.w.r.o.CachingOperationNameGenerator - Generating unique operation named: addUsingPOST_5
23:59:22.673 logback [restartedMain] INFO  s.d.s.w.r.o.CachingOperationNameGenerator - Generating unique operation named: deleteUsingDELETE_5
23:59:22.674 logback [restartedMain] INFO  s.d.s.w.r.o.CachingOperationNameGenerator - Generating unique operation named: getUsingGET_5
23:59:22.675 logback [restartedMain] INFO  s.d.s.w.r.o.CachingOperationNameGenerator - Generating unique operation named: listUsingGET_5
23:59:22.676 logback [restartedMain] INFO  s.d.s.w.r.o.CachingOperationNameGenerator - Generating unique operation named: updUsingPUT_5
23:59:22.678 logback [restartedMain] INFO  s.d.s.w.r.o.CachingOperationNameGenerator - Generating unique operation named: addUsingPOST_6
23:59:22.679 logback [restartedMain] INFO  s.d.s.w.r.o.CachingOperationNameGenerator - Generating unique operation named: deleteUsingDELETE_6
23:59:22.680 logback [restartedMain] INFO  s.d.s.w.r.o.CachingOperationNameGenerator - Generating unique operation named: getUsingGET_6
23:59:22.681 logback [restartedMain] INFO  s.d.s.w.r.o.CachingOperationNameGenerator - Generating unique operation named: listUsingGET_6
23:59:22.683 logback [restartedMain] INFO  s.d.s.w.r.o.CachingOperationNameGenerator - Generating unique operation named: updUsingPUT_6
23:59:22.684 logback [restartedMain] INFO  s.d.s.w.r.o.CachingOperationNameGenerator - Generating unique operation named: addUsingPOST_7
23:59:22.685 logback [restartedMain] INFO  s.d.s.w.r.o.CachingOperationNameGenerator - Generating unique operation named: deleteUsingDELETE_7
23:59:22.687 logback [restartedMain] INFO  s.d.s.w.r.o.CachingOperationNameGenerator - Generating unique operation named: getUsingGET_7
23:59:22.688 logback [restartedMain] INFO  s.d.s.w.r.o.CachingOperationNameGenerator - Generating unique operation named: listUsingGET_7
23:59:22.689 logback [restartedMain] INFO  s.d.s.w.r.o.CachingOperationNameGenerator - Generating unique operation named: updUsingPUT_7
23:59:22.691 logback [restartedMain] INFO  s.d.s.w.r.o.CachingOperationNameGenerator - Generating unique operation named: addUsingPOST_8
23:59:22.692 logback [restartedMain] INFO  s.d.s.w.r.o.CachingOperationNameGenerator - Generating unique operation named: deleteUsingDELETE_8
23:59:22.694 logback [restartedMain] INFO  s.d.s.w.r.o.CachingOperationNameGenerator - Generating unique operation named: getUsingGET_8
23:59:22.695 logback [restartedMain] INFO  s.d.s.w.r.o.CachingOperationNameGenerator - Generating unique operation named: listUsingGET_8
23:59:22.697 logback [restartedMain] INFO  s.d.s.w.r.o.CachingOperationNameGenerator - Generating unique operation named: updUsingPUT_8
23:59:22.701 logback [restartedMain] INFO  o.a.coyote.http11.Http11NioProtocol - Starting ProtocolHandler ["http-nio-8080"]
23:59:22.705 logback [restartedMain] INFO  o.s.b.w.e.tomcat.TomcatWebServer - Tomcat started on port(s): 8080 (http) with context path ''
23:59:22.706 logback [restartedMain] INFO  c.dm.login.AccountSystemApplication - Started AccountSystemApplication in 0.83 seconds (JVM running for 3147.717)
23:59:22.709 logback [restartedMain] INFO  o.s.b.d.a.ConditionEvaluationDeltaLoggingListener - Condition evaluation unchanged
