19:58:09.145 logback [restartedMain] INFO  c.dm.login.AccountSystemApplication - Starting AccountSystemApplication on 2J5WQ1H032CES60 with PID 7072 (D:\project\AccountSystem\target\classes started by Administrator in D:\project\AccountSystem)
19:58:09.145 logback [restartedMain] INFO  c.dm.login.AccountSystemApplication - No active profile set, falling back to default profiles: default
19:58:09.239 logback [restartedMain] INFO  o.s.b.d.e.DevToolsPropertyDefaultsPostProcessor - Devtools property defaults active! Set 'spring.devtools.add-properties' to 'false' to disable
19:58:09.239 logback [restartedMain] INFO  o.s.b.d.e.DevToolsPropertyDefaultsPostProcessor - For additional web related logging consider setting the 'logging.level.web' property to 'DEBUG'
19:58:10.003 logback [restartedMain] INFO  o.s.c.s.PostProcessorRegistrationDelegate$BeanPostProcessorChecker - Bean 'org.springframework.transaction.annotation.ProxyTransactionManagementConfiguration' of type [org.springframework.transaction.annotation.ProxyTransactionManagementConfiguration$$EnhancerBySpringCGLIB$$ff474901] is not eligible for getting processed by all BeanPostProcessors (for example: not eligible for auto-proxying)
19:58:10.269 logback [restartedMain] INFO  o.s.b.w.e.tomcat.TomcatWebServer - Tomcat initialized with port(s): 8080 (http)
19:58:10.284 logback [restartedMain] INFO  o.a.coyote.http11.Http11NioProtocol - Initializing ProtocolHandler ["http-nio-8080"]
19:58:10.284 logback [restartedMain] INFO  o.a.catalina.core.StandardService - Starting service [Tomcat]
19:58:10.284 logback [restartedMain] INFO  o.a.catalina.core.StandardEngine - Starting Servlet engine: [Apache Tomcat/9.0.17]
19:58:10.352 logback [restartedMain] INFO  o.a.c.c.C.[Tomcat].[localhost].[/] - Initializing Spring embedded WebApplicationContext
19:58:10.352 logback [restartedMain] INFO  o.s.web.context.ContextLoader - Root WebApplicationContext: initialization completed in 1113 ms
19:58:11.167 logback [restartedMain] INFO  o.s.b.d.a.OptionalLiveReloadServer - LiveReload server is running on port 35729
19:58:11.307 logback [restartedMain] INFO  s.d.s.w.p.DocumentationPluginsBootstrapper - Context refreshed
19:58:11.323 logback [restartedMain] INFO  s.d.s.w.p.DocumentationPluginsBootstrapper - Found 1 custom documentation plugin(s)
19:58:11.338 logback [restartedMain] INFO  s.d.s.w.s.ApiListingReferenceScanner - Scanning for api listing references
19:58:11.432 logback [restartedMain] INFO  s.d.s.w.r.o.CachingOperationNameGenerator - Generating unique operation named: addUsingPOST_1
19:58:11.432 logback [restartedMain] INFO  s.d.s.w.r.o.CachingOperationNameGenerator - Generating unique operation named: deleteUsingDELETE_1
19:58:11.432 logback [restartedMain] INFO  s.d.s.w.r.o.CachingOperationNameGenerator - Generating unique operation named: getUsingGET_1
19:58:11.432 logback [restartedMain] INFO  s.d.s.w.r.o.CachingOperationNameGenerator - Generating unique operation named: listUsingGET_1
19:58:11.448 logback [restartedMain] INFO  s.d.s.w.r.o.CachingOperationNameGenerator - Generating unique operation named: updUsingPUT_1
19:58:11.448 logback [restartedMain] INFO  s.d.s.w.r.o.CachingOperationNameGenerator - Generating unique operation named: addUsingPOST_2
19:58:11.448 logback [restartedMain] INFO  s.d.s.w.r.o.CachingOperationNameGenerator - Generating unique operation named: deleteUsingDELETE_2
19:58:11.448 logback [restartedMain] INFO  s.d.s.w.r.o.CachingOperationNameGenerator - Generating unique operation named: getUsingGET_2
19:58:11.448 logback [restartedMain] INFO  s.d.s.w.r.o.CachingOperationNameGenerator - Generating unique operation named: listUsingGET_2
19:58:11.448 logback [restartedMain] INFO  s.d.s.w.r.o.CachingOperationNameGenerator - Generating unique operation named: updUsingPUT_2
19:58:11.448 logback [restartedMain] INFO  s.d.s.w.r.o.CachingOperationNameGenerator - Generating unique operation named: addUsingPOST_3
19:58:11.448 logback [restartedMain] INFO  s.d.s.w.r.o.CachingOperationNameGenerator - Generating unique operation named: deleteUsingDELETE_3
19:58:11.448 logback [restartedMain] INFO  s.d.s.w.r.o.CachingOperationNameGenerator - Generating unique operation named: getUsingGET_3
19:58:11.463 logback [restartedMain] INFO  s.d.s.w.r.o.CachingOperationNameGenerator - Generating unique operation named: listUsingGET_3
19:58:11.463 logback [restartedMain] INFO  s.d.s.w.r.o.CachingOperationNameGenerator - Generating unique operation named: updUsingPUT_3
19:58:11.463 logback [restartedMain] INFO  s.d.s.w.r.o.CachingOperationNameGenerator - Generating unique operation named: addUsingPOST_4
19:58:11.463 logback [restartedMain] INFO  s.d.s.w.r.o.CachingOperationNameGenerator - Generating unique operation named: deleteUsingDELETE_4
19:58:11.463 logback [restartedMain] INFO  s.d.s.w.r.o.CachingOperationNameGenerator - Generating unique operation named: getUsingGET_4
19:58:11.463 logback [restartedMain] INFO  s.d.s.w.r.o.CachingOperationNameGenerator - Generating unique operation named: listUsingGET_4
19:58:11.463 logback [restartedMain] INFO  s.d.s.w.r.o.CachingOperationNameGenerator - Generating unique operation named: updUsingPUT_4
19:58:11.463 logback [restartedMain] INFO  s.d.s.w.r.o.CachingOperationNameGenerator - Generating unique operation named: addUsingPOST_5
19:58:11.463 logback [restartedMain] INFO  s.d.s.w.r.o.CachingOperationNameGenerator - Generating unique operation named: deleteUsingDELETE_5
19:58:11.479 logback [restartedMain] INFO  s.d.s.w.r.o.CachingOperationNameGenerator - Generating unique operation named: getUsingGET_5
19:58:11.479 logback [restartedMain] INFO  s.d.s.w.r.o.CachingOperationNameGenerator - Generating unique operation named: listUsingGET_5
19:58:11.479 logback [restartedMain] INFO  s.d.s.w.r.o.CachingOperationNameGenerator - Generating unique operation named: updUsingPUT_5
19:58:11.479 logback [restartedMain] INFO  s.d.s.w.r.o.CachingOperationNameGenerator - Generating unique operation named: addUsingPOST_6
19:58:11.479 logback [restartedMain] INFO  s.d.s.w.r.o.CachingOperationNameGenerator - Generating unique operation named: deleteUsingDELETE_6
19:58:11.479 logback [restartedMain] INFO  s.d.s.w.r.o.CachingOperationNameGenerator - Generating unique operation named: getUsingGET_6
19:58:11.479 logback [restartedMain] INFO  s.d.s.w.r.o.CachingOperationNameGenerator - Generating unique operation named: listUsingGET_6
19:58:11.479 logback [restartedMain] INFO  s.d.s.w.r.o.CachingOperationNameGenerator - Generating unique operation named: updUsingPUT_6
19:58:11.479 logback [restartedMain] INFO  s.d.s.w.r.o.CachingOperationNameGenerator - Generating unique operation named: addUsingPOST_7
19:58:11.479 logback [restartedMain] INFO  s.d.s.w.r.o.CachingOperationNameGenerator - Generating unique operation named: deleteUsingDELETE_7
19:58:11.479 logback [restartedMain] INFO  s.d.s.w.r.o.CachingOperationNameGenerator - Generating unique operation named: getUsingGET_7
19:58:11.479 logback [restartedMain] INFO  s.d.s.w.r.o.CachingOperationNameGenerator - Generating unique operation named: listUsingGET_7
19:58:11.479 logback [restartedMain] INFO  s.d.s.w.r.o.CachingOperationNameGenerator - Generating unique operation named: updUsingPUT_7
19:58:11.479 logback [restartedMain] INFO  s.d.s.w.r.o.CachingOperationNameGenerator - Generating unique operation named: addUsingPOST_8
19:58:11.495 logback [restartedMain] INFO  s.d.s.w.r.o.CachingOperationNameGenerator - Generating unique operation named: deleteUsingDELETE_8
19:58:11.495 logback [restartedMain] INFO  s.d.s.w.r.o.CachingOperationNameGenerator - Generating unique operation named: getUsingGET_8
19:58:11.495 logback [restartedMain] INFO  s.d.s.w.r.o.CachingOperationNameGenerator - Generating unique operation named: listUsingGET_8
19:58:11.495 logback [restartedMain] INFO  s.d.s.w.r.o.CachingOperationNameGenerator - Generating unique operation named: updUsingPUT_8
19:58:11.794 logback [restartedMain] INFO  o.a.coyote.http11.Http11NioProtocol - Starting ProtocolHandler ["http-nio-8080"]
19:58:11.810 logback [restartedMain] INFO  o.s.b.w.e.tomcat.TomcatWebServer - Tomcat started on port(s): 8080 (http) with context path ''
19:58:11.810 logback [restartedMain] INFO  c.dm.login.AccountSystemApplication - Started AccountSystemApplication in 3.213 seconds (JVM running for 3.815)
21:16:36.148 logback [restartedMain] INFO  c.dm.login.AccountSystemApplication - Starting AccountSystemApplication on 2J5WQ1H032CES60 with PID 8436 (D:\project\AccountSystem\target\classes started by Administrator in D:\project\AccountSystem)
21:16:36.150 logback [restartedMain] INFO  c.dm.login.AccountSystemApplication - No active profile set, falling back to default profiles: default
21:16:36.213 logback [restartedMain] INFO  o.s.b.d.e.DevToolsPropertyDefaultsPostProcessor - Devtools property defaults active! Set 'spring.devtools.add-properties' to 'false' to disable
21:16:36.213 logback [restartedMain] INFO  o.s.b.d.e.DevToolsPropertyDefaultsPostProcessor - For additional web related logging consider setting the 'logging.level.web' property to 'DEBUG'
21:16:36.866 logback [restartedMain] INFO  o.s.c.s.PostProcessorRegistrationDelegate$BeanPostProcessorChecker - Bean 'org.springframework.transaction.annotation.ProxyTransactionManagementConfiguration' of type [org.springframework.transaction.annotation.ProxyTransactionManagementConfiguration$$EnhancerBySpringCGLIB$$abe7a53d] is not eligible for getting processed by all BeanPostProcessors (for example: not eligible for auto-proxying)
21:16:37.080 logback [restartedMain] INFO  o.s.b.w.e.tomcat.TomcatWebServer - Tomcat initialized with port(s): 8080 (http)
21:16:37.087 logback [restartedMain] INFO  o.a.coyote.http11.Http11NioProtocol - Initializing ProtocolHandler ["http-nio-8080"]
21:16:37.091 logback [restartedMain] INFO  o.a.catalina.core.StandardService - Starting service [Tomcat]
21:16:37.091 logback [restartedMain] INFO  o.a.catalina.core.StandardEngine - Starting Servlet engine: [Apache Tomcat/9.0.17]
21:16:37.160 logback [restartedMain] INFO  o.a.c.c.C.[Tomcat].[localhost].[/] - Initializing Spring embedded WebApplicationContext
21:16:37.160 logback [restartedMain] INFO  o.s.web.context.ContextLoader - Root WebApplicationContext: initialization completed in 947 ms
21:16:37.699 logback [restartedMain] INFO  o.s.b.d.a.OptionalLiveReloadServer - LiveReload server is running on port 35729
21:16:37.830 logback [restartedMain] INFO  s.d.s.w.p.DocumentationPluginsBootstrapper - Context refreshed
21:16:37.837 logback [restartedMain] INFO  s.d.s.w.p.DocumentationPluginsBootstrapper - Found 1 custom documentation plugin(s)
21:16:37.846 logback [restartedMain] INFO  s.d.s.w.s.ApiListingReferenceScanner - Scanning for api listing references
21:16:37.923 logback [restartedMain] INFO  s.d.s.w.r.o.CachingOperationNameGenerator - Generating unique operation named: addUsingPOST_1
21:16:37.925 logback [restartedMain] INFO  s.d.s.w.r.o.CachingOperationNameGenerator - Generating unique operation named: deleteUsingDELETE_1
21:16:37.926 logback [restartedMain] INFO  s.d.s.w.r.o.CachingOperationNameGenerator - Generating unique operation named: getUsingGET_1
21:16:37.928 logback [restartedMain] INFO  s.d.s.w.r.o.CachingOperationNameGenerator - Generating unique operation named: listUsingGET_1
21:16:37.930 logback [restartedMain] INFO  s.d.s.w.r.o.CachingOperationNameGenerator - Generating unique operation named: updUsingPUT_1
21:16:37.932 logback [restartedMain] INFO  s.d.s.w.r.o.CachingOperationNameGenerator - Generating unique operation named: addUsingPOST_2
21:16:37.933 logback [restartedMain] INFO  s.d.s.w.r.o.CachingOperationNameGenerator - Generating unique operation named: deleteUsingDELETE_2
21:16:37.934 logback [restartedMain] INFO  s.d.s.w.r.o.CachingOperationNameGenerator - Generating unique operation named: getUsingGET_2
21:16:37.936 logback [restartedMain] INFO  s.d.s.w.r.o.CachingOperationNameGenerator - Generating unique operation named: listUsingGET_2
21:16:37.937 logback [restartedMain] INFO  s.d.s.w.r.o.CachingOperationNameGenerator - Generating unique operation named: updUsingPUT_2
21:16:37.939 logback [restartedMain] INFO  s.d.s.w.r.o.CachingOperationNameGenerator - Generating unique operation named: addUsingPOST_3
21:16:37.940 logback [restartedMain] INFO  s.d.s.w.r.o.CachingOperationNameGenerator - Generating unique operation named: deleteUsingDELETE_3
21:16:37.942 logback [restartedMain] INFO  s.d.s.w.r.o.CachingOperationNameGenerator - Generating unique operation named: getUsingGET_3
21:16:37.951 logback [restartedMain] INFO  s.d.s.w.r.o.CachingOperationNameGenerator - Generating unique operation named: listUsingGET_3
21:16:37.952 logback [restartedMain] INFO  s.d.s.w.r.o.CachingOperationNameGenerator - Generating unique operation named: updUsingPUT_3
21:16:37.954 logback [restartedMain] INFO  s.d.s.w.r.o.CachingOperationNameGenerator - Generating unique operation named: addUsingPOST_4
21:16:37.956 logback [restartedMain] INFO  s.d.s.w.r.o.CachingOperationNameGenerator - Generating unique operation named: deleteUsingDELETE_4
21:16:37.957 logback [restartedMain] INFO  s.d.s.w.r.o.CachingOperationNameGenerator - Generating unique operation named: getUsingGET_4
21:16:37.958 logback [restartedMain] INFO  s.d.s.w.r.o.CachingOperationNameGenerator - Generating unique operation named: listUsingGET_4
21:16:37.959 logback [restartedMain] INFO  s.d.s.w.r.o.CachingOperationNameGenerator - Generating unique operation named: updUsingPUT_4
21:16:37.961 logback [restartedMain] INFO  s.d.s.w.r.o.CachingOperationNameGenerator - Generating unique operation named: addUsingPOST_5
21:16:37.962 logback [restartedMain] INFO  s.d.s.w.r.o.CachingOperationNameGenerator - Generating unique operation named: deleteUsingDELETE_5
21:16:37.963 logback [restartedMain] INFO  s.d.s.w.r.o.CachingOperationNameGenerator - Generating unique operation named: getUsingGET_5
21:16:37.964 logback [restartedMain] INFO  s.d.s.w.r.o.CachingOperationNameGenerator - Generating unique operation named: listUsingGET_5
21:16:37.965 logback [restartedMain] INFO  s.d.s.w.r.o.CachingOperationNameGenerator - Generating unique operation named: updUsingPUT_5
21:16:37.967 logback [restartedMain] INFO  s.d.s.w.r.o.CachingOperationNameGenerator - Generating unique operation named: addUsingPOST_6
21:16:37.968 logback [restartedMain] INFO  s.d.s.w.r.o.CachingOperationNameGenerator - Generating unique operation named: deleteUsingDELETE_6
21:16:37.969 logback [restartedMain] INFO  s.d.s.w.r.o.CachingOperationNameGenerator - Generating unique operation named: getUsingGET_6
21:16:37.970 logback [restartedMain] INFO  s.d.s.w.r.o.CachingOperationNameGenerator - Generating unique operation named: listUsingGET_6
21:16:37.971 logback [restartedMain] INFO  s.d.s.w.r.o.CachingOperationNameGenerator - Generating unique operation named: updUsingPUT_6
21:16:37.972 logback [restartedMain] INFO  s.d.s.w.r.o.CachingOperationNameGenerator - Generating unique operation named: addUsingPOST_7
21:16:37.973 logback [restartedMain] INFO  s.d.s.w.r.o.CachingOperationNameGenerator - Generating unique operation named: deleteUsingDELETE_7
21:16:37.975 logback [restartedMain] INFO  s.d.s.w.r.o.CachingOperationNameGenerator - Generating unique operation named: getUsingGET_7
21:16:37.976 logback [restartedMain] INFO  s.d.s.w.r.o.CachingOperationNameGenerator - Generating unique operation named: listUsingGET_7
21:16:37.977 logback [restartedMain] INFO  s.d.s.w.r.o.CachingOperationNameGenerator - Generating unique operation named: updUsingPUT_7
21:16:37.979 logback [restartedMain] INFO  s.d.s.w.r.o.CachingOperationNameGenerator - Generating unique operation named: addUsingPOST_8
21:16:37.980 logback [restartedMain] INFO  s.d.s.w.r.o.CachingOperationNameGenerator - Generating unique operation named: deleteUsingDELETE_8
21:16:37.981 logback [restartedMain] INFO  s.d.s.w.r.o.CachingOperationNameGenerator - Generating unique operation named: getUsingGET_8
21:16:37.982 logback [restartedMain] INFO  s.d.s.w.r.o.CachingOperationNameGenerator - Generating unique operation named: listUsingGET_8
21:16:37.983 logback [restartedMain] INFO  s.d.s.w.r.o.CachingOperationNameGenerator - Generating unique operation named: updUsingPUT_8
21:16:37.993 logback [restartedMain] INFO  o.a.coyote.http11.Http11NioProtocol - Starting ProtocolHandler ["http-nio-8080"]
21:16:38.007 logback [restartedMain] INFO  o.s.b.w.e.tomcat.TomcatWebServer - Tomcat started on port(s): 8080 (http) with context path ''
21:16:38.009 logback [restartedMain] INFO  c.dm.login.AccountSystemApplication - Started AccountSystemApplication in 2.158 seconds (JVM running for 2.684)
22:25:54.705 logback [restartedMain] INFO  c.dm.login.AccountSystemApplication - Starting AccountSystemApplication on 2J5WQ1H032CES60 with PID 10528 (D:\project\AccountSystem\target\classes started by Administrator in D:\project\AccountSystem)
22:25:54.707 logback [restartedMain] INFO  c.dm.login.AccountSystemApplication - No active profile set, falling back to default profiles: default
22:25:54.789 logback [restartedMain] INFO  o.s.b.d.e.DevToolsPropertyDefaultsPostProcessor - Devtools property defaults active! Set 'spring.devtools.add-properties' to 'false' to disable
22:25:54.790 logback [restartedMain] INFO  o.s.b.d.e.DevToolsPropertyDefaultsPostProcessor - For additional web related logging consider setting the 'logging.level.web' property to 'DEBUG'
22:25:55.537 logback [restartedMain] INFO  o.s.c.s.PostProcessorRegistrationDelegate$BeanPostProcessorChecker - Bean 'org.springframework.transaction.annotation.ProxyTransactionManagementConfiguration' of type [org.springframework.transaction.annotation.ProxyTransactionManagementConfiguration$$EnhancerBySpringCGLIB$$df935305] is not eligible for getting processed by all BeanPostProcessors (for example: not eligible for auto-proxying)
22:25:55.789 logback [restartedMain] INFO  o.s.b.w.e.tomcat.TomcatWebServer - Tomcat initialized with port(s): 8080 (http)
22:25:55.797 logback [restartedMain] INFO  o.a.coyote.http11.Http11NioProtocol - Initializing ProtocolHandler ["http-nio-8080"]
22:25:55.803 logback [restartedMain] INFO  o.a.catalina.core.StandardService - Starting service [Tomcat]
22:25:55.803 logback [restartedMain] INFO  o.a.catalina.core.StandardEngine - Starting Servlet engine: [Apache Tomcat/9.0.17]
22:25:55.884 logback [restartedMain] INFO  o.a.c.c.C.[Tomcat].[localhost].[/] - Initializing Spring embedded WebApplicationContext
22:25:55.884 logback [restartedMain] INFO  o.s.web.context.ContextLoader - Root WebApplicationContext: initialization completed in 1094 ms
22:25:56.593 logback [restartedMain] INFO  o.s.b.d.a.OptionalLiveReloadServer - LiveReload server is running on port 35729
22:25:56.762 logback [restartedMain] INFO  s.d.s.w.p.DocumentationPluginsBootstrapper - Context refreshed
22:25:56.771 logback [restartedMain] INFO  s.d.s.w.p.DocumentationPluginsBootstrapper - Found 1 custom documentation plugin(s)
22:25:56.780 logback [restartedMain] INFO  s.d.s.w.s.ApiListingReferenceScanner - Scanning for api listing references
22:25:56.876 logback [restartedMain] INFO  s.d.s.w.r.o.CachingOperationNameGenerator - Generating unique operation named: addUsingPOST_1
22:25:56.878 logback [restartedMain] INFO  s.d.s.w.r.o.CachingOperationNameGenerator - Generating unique operation named: deleteUsingDELETE_1
22:25:56.879 logback [restartedMain] INFO  s.d.s.w.r.o.CachingOperationNameGenerator - Generating unique operation named: getUsingGET_1
22:25:56.881 logback [restartedMain] INFO  s.d.s.w.r.o.CachingOperationNameGenerator - Generating unique operation named: listUsingGET_1
22:25:56.882 logback [restartedMain] INFO  s.d.s.w.r.o.CachingOperationNameGenerator - Generating unique operation named: updUsingPUT_1
22:25:56.886 logback [restartedMain] INFO  s.d.s.w.r.o.CachingOperationNameGenerator - Generating unique operation named: addUsingPOST_2
22:25:56.887 logback [restartedMain] INFO  s.d.s.w.r.o.CachingOperationNameGenerator - Generating unique operation named: deleteUsingDELETE_2
22:25:56.889 logback [restartedMain] INFO  s.d.s.w.r.o.CachingOperationNameGenerator - Generating unique operation named: getUsingGET_2
22:25:56.891 logback [restartedMain] INFO  s.d.s.w.r.o.CachingOperationNameGenerator - Generating unique operation named: listUsingGET_2
22:25:56.892 logback [restartedMain] INFO  s.d.s.w.r.o.CachingOperationNameGenerator - Generating unique operation named: updUsingPUT_2
22:25:56.894 logback [restartedMain] INFO  s.d.s.w.r.o.CachingOperationNameGenerator - Generating unique operation named: addUsingPOST_3
22:25:56.895 logback [restartedMain] INFO  s.d.s.w.r.o.CachingOperationNameGenerator - Generating unique operation named: deleteUsingDELETE_3
22:25:56.896 logback [restartedMain] INFO  s.d.s.w.r.o.CachingOperationNameGenerator - Generating unique operation named: getUsingGET_3
22:25:56.907 logback [restartedMain] INFO  s.d.s.w.r.o.CachingOperationNameGenerator - Generating unique operation named: listUsingGET_3
22:25:56.908 logback [restartedMain] INFO  s.d.s.w.r.o.CachingOperationNameGenerator - Generating unique operation named: updUsingPUT_3
22:25:56.910 logback [restartedMain] INFO  s.d.s.w.r.o.CachingOperationNameGenerator - Generating unique operation named: addUsingPOST_4
22:25:56.911 logback [restartedMain] INFO  s.d.s.w.r.o.CachingOperationNameGenerator - Generating unique operation named: deleteUsingDELETE_4
22:25:56.913 logback [restartedMain] INFO  s.d.s.w.r.o.CachingOperationNameGenerator - Generating unique operation named: getUsingGET_4
22:25:56.914 logback [restartedMain] INFO  s.d.s.w.r.o.CachingOperationNameGenerator - Generating unique operation named: listUsingGET_4
22:25:56.916 logback [restartedMain] INFO  s.d.s.w.r.o.CachingOperationNameGenerator - Generating unique operation named: updUsingPUT_4
22:25:56.919 logback [restartedMain] INFO  s.d.s.w.r.o.CachingOperationNameGenerator - Generating unique operation named: addUsingPOST_5
22:25:56.921 logback [restartedMain] INFO  s.d.s.w.r.o.CachingOperationNameGenerator - Generating unique operation named: deleteUsingDELETE_5
22:25:56.922 logback [restartedMain] INFO  s.d.s.w.r.o.CachingOperationNameGenerator - Generating unique operation named: getUsingGET_5
22:25:56.923 logback [restartedMain] INFO  s.d.s.w.r.o.CachingOperationNameGenerator - Generating unique operation named: listUsingGET_5
22:25:56.924 logback [restartedMain] INFO  s.d.s.w.r.o.CachingOperationNameGenerator - Generating unique operation named: updUsingPUT_5
22:25:56.926 logback [restartedMain] INFO  s.d.s.w.r.o.CachingOperationNameGenerator - Generating unique operation named: addUsingPOST_6
22:25:56.927 logback [restartedMain] INFO  s.d.s.w.r.o.CachingOperationNameGenerator - Generating unique operation named: deleteUsingDELETE_6
22:25:56.928 logback [restartedMain] INFO  s.d.s.w.r.o.CachingOperationNameGenerator - Generating unique operation named: getUsingGET_6
22:25:56.929 logback [restartedMain] INFO  s.d.s.w.r.o.CachingOperationNameGenerator - Generating unique operation named: listUsingGET_6
22:25:56.930 logback [restartedMain] INFO  s.d.s.w.r.o.CachingOperationNameGenerator - Generating unique operation named: updUsingPUT_6
22:25:56.931 logback [restartedMain] INFO  s.d.s.w.r.o.CachingOperationNameGenerator - Generating unique operation named: addUsingPOST_7
22:25:56.932 logback [restartedMain] INFO  s.d.s.w.r.o.CachingOperationNameGenerator - Generating unique operation named: deleteUsingDELETE_7
22:25:56.934 logback [restartedMain] INFO  s.d.s.w.r.o.CachingOperationNameGenerator - Generating unique operation named: getUsingGET_7
22:25:56.935 logback [restartedMain] INFO  s.d.s.w.r.o.CachingOperationNameGenerator - Generating unique operation named: listUsingGET_7
22:25:56.937 logback [restartedMain] INFO  s.d.s.w.r.o.CachingOperationNameGenerator - Generating unique operation named: updUsingPUT_7
22:25:56.939 logback [restartedMain] INFO  s.d.s.w.r.o.CachingOperationNameGenerator - Generating unique operation named: addUsingPOST_8
22:25:56.942 logback [restartedMain] INFO  s.d.s.w.r.o.CachingOperationNameGenerator - Generating unique operation named: deleteUsingDELETE_8
22:25:56.943 logback [restartedMain] INFO  s.d.s.w.r.o.CachingOperationNameGenerator - Generating unique operation named: getUsingGET_8
22:25:56.944 logback [restartedMain] INFO  s.d.s.w.r.o.CachingOperationNameGenerator - Generating unique operation named: listUsingGET_8
22:25:56.945 logback [restartedMain] INFO  s.d.s.w.r.o.CachingOperationNameGenerator - Generating unique operation named: updUsingPUT_8
22:25:56.958 logback [restartedMain] INFO  o.a.coyote.http11.Http11NioProtocol - Starting ProtocolHandler ["http-nio-8080"]
22:25:56.974 logback [restartedMain] INFO  o.s.b.w.e.tomcat.TomcatWebServer - Tomcat started on port(s): 8080 (http) with context path ''
22:25:56.976 logback [restartedMain] INFO  c.dm.login.AccountSystemApplication - Started AccountSystemApplication in 2.661 seconds (JVM running for 3.172)
22:28:20.344 logback [restartedMain] INFO  c.dm.login.AccountSystemApplication - Starting AccountSystemApplication on 2J5WQ1H032CES60 with PID 9668 (D:\project\AccountSystem\target\classes started by Administrator in D:\project\AccountSystem)
22:28:20.346 logback [restartedMain] INFO  c.dm.login.AccountSystemApplication - No active profile set, falling back to default profiles: default
22:28:20.396 logback [restartedMain] INFO  o.s.b.d.e.DevToolsPropertyDefaultsPostProcessor - Devtools property defaults active! Set 'spring.devtools.add-properties' to 'false' to disable
22:28:20.396 logback [restartedMain] INFO  o.s.b.d.e.DevToolsPropertyDefaultsPostProcessor - For additional web related logging consider setting the 'logging.level.web' property to 'DEBUG'
22:28:21.136 logback [restartedMain] INFO  o.s.c.s.PostProcessorRegistrationDelegate$BeanPostProcessorChecker - Bean 'org.springframework.transaction.annotation.ProxyTransactionManagementConfiguration' of type [org.springframework.transaction.annotation.ProxyTransactionManagementConfiguration$$EnhancerBySpringCGLIB$$8d00a72c] is not eligible for getting processed by all BeanPostProcessors (for example: not eligible for auto-proxying)
22:28:21.343 logback [restartedMain] INFO  o.s.b.w.e.tomcat.TomcatWebServer - Tomcat initialized with port(s): 8080 (http)
22:28:21.350 logback [restartedMain] INFO  o.a.coyote.http11.Http11NioProtocol - Initializing ProtocolHandler ["http-nio-8080"]
22:28:21.355 logback [restartedMain] INFO  o.a.catalina.core.StandardService - Starting service [Tomcat]
22:28:21.355 logback [restartedMain] INFO  o.a.catalina.core.StandardEngine - Starting Servlet engine: [Apache Tomcat/9.0.17]
22:28:21.425 logback [restartedMain] INFO  o.a.c.c.C.[Tomcat].[localhost].[/] - Initializing Spring embedded WebApplicationContext
22:28:21.425 logback [restartedMain] INFO  o.s.web.context.ContextLoader - Root WebApplicationContext: initialization completed in 1029 ms
22:28:21.979 logback [restartedMain] INFO  o.s.b.d.a.OptionalLiveReloadServer - LiveReload server is running on port 35729
22:28:22.114 logback [restartedMain] INFO  s.d.s.w.p.DocumentationPluginsBootstrapper - Context refreshed
22:28:22.123 logback [restartedMain] INFO  s.d.s.w.p.DocumentationPluginsBootstrapper - Found 1 custom documentation plugin(s)
22:28:22.132 logback [restartedMain] INFO  s.d.s.w.s.ApiListingReferenceScanner - Scanning for api listing references
22:28:22.216 logback [restartedMain] INFO  s.d.s.w.r.o.CachingOperationNameGenerator - Generating unique operation named: addUsingPOST_1
22:28:22.218 logback [restartedMain] INFO  s.d.s.w.r.o.CachingOperationNameGenerator - Generating unique operation named: deleteUsingDELETE_1
22:28:22.219 logback [restartedMain] INFO  s.d.s.w.r.o.CachingOperationNameGenerator - Generating unique operation named: getUsingGET_1
22:28:22.220 logback [restartedMain] INFO  s.d.s.w.r.o.CachingOperationNameGenerator - Generating unique operation named: listUsingGET_1
22:28:22.222 logback [restartedMain] INFO  s.d.s.w.r.o.CachingOperationNameGenerator - Generating unique operation named: updUsingPUT_1
22:28:22.224 logback [restartedMain] INFO  s.d.s.w.r.o.CachingOperationNameGenerator - Generating unique operation named: addUsingPOST_2
22:28:22.225 logback [restartedMain] INFO  s.d.s.w.r.o.CachingOperationNameGenerator - Generating unique operation named: deleteUsingDELETE_2
22:28:22.226 logback [restartedMain] INFO  s.d.s.w.r.o.CachingOperationNameGenerator - Generating unique operation named: getUsingGET_2
22:28:22.228 logback [restartedMain] INFO  s.d.s.w.r.o.CachingOperationNameGenerator - Generating unique operation named: listUsingGET_2
22:28:22.229 logback [restartedMain] INFO  s.d.s.w.r.o.CachingOperationNameGenerator - Generating unique operation named: updUsingPUT_2
22:28:22.231 logback [restartedMain] INFO  s.d.s.w.r.o.CachingOperationNameGenerator - Generating unique operation named: addUsingPOST_3
22:28:22.232 logback [restartedMain] INFO  s.d.s.w.r.o.CachingOperationNameGenerator - Generating unique operation named: deleteUsingDELETE_3
22:28:22.234 logback [restartedMain] INFO  s.d.s.w.r.o.CachingOperationNameGenerator - Generating unique operation named: getUsingGET_3
22:28:22.243 logback [restartedMain] INFO  s.d.s.w.r.o.CachingOperationNameGenerator - Generating unique operation named: listUsingGET_3
22:28:22.245 logback [restartedMain] INFO  s.d.s.w.r.o.CachingOperationNameGenerator - Generating unique operation named: updUsingPUT_3
22:28:22.246 logback [restartedMain] INFO  s.d.s.w.r.o.CachingOperationNameGenerator - Generating unique operation named: addUsingPOST_4
22:28:22.247 logback [restartedMain] INFO  s.d.s.w.r.o.CachingOperationNameGenerator - Generating unique operation named: deleteUsingDELETE_4
22:28:22.249 logback [restartedMain] INFO  s.d.s.w.r.o.CachingOperationNameGenerator - Generating unique operation named: getUsingGET_4
22:28:22.250 logback [restartedMain] INFO  s.d.s.w.r.o.CachingOperationNameGenerator - Generating unique operation named: listUsingGET_4
22:28:22.251 logback [restartedMain] INFO  s.d.s.w.r.o.CachingOperationNameGenerator - Generating unique operation named: updUsingPUT_4
22:28:22.253 logback [restartedMain] INFO  s.d.s.w.r.o.CachingOperationNameGenerator - Generating unique operation named: addUsingPOST_5
22:28:22.254 logback [restartedMain] INFO  s.d.s.w.r.o.CachingOperationNameGenerator - Generating unique operation named: deleteUsingDELETE_5
22:28:22.255 logback [restartedMain] INFO  s.d.s.w.r.o.CachingOperationNameGenerator - Generating unique operation named: getUsingGET_5
22:28:22.256 logback [restartedMain] INFO  s.d.s.w.r.o.CachingOperationNameGenerator - Generating unique operation named: listUsingGET_5
22:28:22.257 logback [restartedMain] INFO  s.d.s.w.r.o.CachingOperationNameGenerator - Generating unique operation named: updUsingPUT_5
22:28:22.259 logback [restartedMain] INFO  s.d.s.w.r.o.CachingOperationNameGenerator - Generating unique operation named: addUsingPOST_6
22:28:22.260 logback [restartedMain] INFO  s.d.s.w.r.o.CachingOperationNameGenerator - Generating unique operation named: deleteUsingDELETE_6
22:28:22.261 logback [restartedMain] INFO  s.d.s.w.r.o.CachingOperationNameGenerator - Generating unique operation named: getUsingGET_6
22:28:22.262 logback [restartedMain] INFO  s.d.s.w.r.o.CachingOperationNameGenerator - Generating unique operation named: listUsingGET_6
22:28:22.263 logback [restartedMain] INFO  s.d.s.w.r.o.CachingOperationNameGenerator - Generating unique operation named: updUsingPUT_6
22:28:22.264 logback [restartedMain] INFO  s.d.s.w.r.o.CachingOperationNameGenerator - Generating unique operation named: addUsingPOST_7
22:28:22.265 logback [restartedMain] INFO  s.d.s.w.r.o.CachingOperationNameGenerator - Generating unique operation named: deleteUsingDELETE_7
22:28:22.267 logback [restartedMain] INFO  s.d.s.w.r.o.CachingOperationNameGenerator - Generating unique operation named: getUsingGET_7
22:28:22.268 logback [restartedMain] INFO  s.d.s.w.r.o.CachingOperationNameGenerator - Generating unique operation named: listUsingGET_7
22:28:22.269 logback [restartedMain] INFO  s.d.s.w.r.o.CachingOperationNameGenerator - Generating unique operation named: updUsingPUT_7
22:28:22.270 logback [restartedMain] INFO  s.d.s.w.r.o.CachingOperationNameGenerator - Generating unique operation named: addUsingPOST_8
22:28:22.271 logback [restartedMain] INFO  s.d.s.w.r.o.CachingOperationNameGenerator - Generating unique operation named: deleteUsingDELETE_8
22:28:22.272 logback [restartedMain] INFO  s.d.s.w.r.o.CachingOperationNameGenerator - Generating unique operation named: getUsingGET_8
22:28:22.273 logback [restartedMain] INFO  s.d.s.w.r.o.CachingOperationNameGenerator - Generating unique operation named: listUsingGET_8
22:28:22.274 logback [restartedMain] INFO  s.d.s.w.r.o.CachingOperationNameGenerator - Generating unique operation named: updUsingPUT_8
22:28:22.285 logback [restartedMain] INFO  o.a.coyote.http11.Http11NioProtocol - Starting ProtocolHandler ["http-nio-8080"]
22:28:22.298 logback [restartedMain] INFO  o.s.b.w.e.tomcat.TomcatWebServer - Tomcat started on port(s): 8080 (http) with context path ''
22:28:22.300 logback [restartedMain] INFO  c.dm.login.AccountSystemApplication - Started AccountSystemApplication in 2.218 seconds (JVM running for 2.627)
22:28:43.051 logback [restartedMain] INFO  c.dm.login.AccountSystemApplication - Starting AccountSystemApplication on 2J5WQ1H032CES60 with PID 4652 (D:\project\AccountSystem\target\classes started by Administrator in D:\project\AccountSystem)
22:28:43.053 logback [restartedMain] INFO  c.dm.login.AccountSystemApplication - No active profile set, falling back to default profiles: default
22:28:43.117 logback [restartedMain] INFO  o.s.b.d.e.DevToolsPropertyDefaultsPostProcessor - Devtools property defaults active! Set 'spring.devtools.add-properties' to 'false' to disable
22:28:43.117 logback [restartedMain] INFO  o.s.b.d.e.DevToolsPropertyDefaultsPostProcessor - For additional web related logging consider setting the 'logging.level.web' property to 'DEBUG'
22:28:43.794 logback [restartedMain] INFO  o.s.c.s.PostProcessorRegistrationDelegate$BeanPostProcessorChecker - Bean 'org.springframework.transaction.annotation.ProxyTransactionManagementConfiguration' of type [org.springframework.transaction.annotation.ProxyTransactionManagementConfiguration$$EnhancerBySpringCGLIB$$d221ff10] is not eligible for getting processed by all BeanPostProcessors (for example: not eligible for auto-proxying)
22:28:44.006 logback [restartedMain] INFO  o.s.b.w.e.tomcat.TomcatWebServer - Tomcat initialized with port(s): 8080 (http)
22:28:44.014 logback [restartedMain] INFO  o.a.coyote.http11.Http11NioProtocol - Initializing ProtocolHandler ["http-nio-8080"]
22:28:44.019 logback [restartedMain] INFO  o.a.catalina.core.StandardService - Starting service [Tomcat]
22:28:44.019 logback [restartedMain] INFO  o.a.catalina.core.StandardEngine - Starting Servlet engine: [Apache Tomcat/9.0.17]
22:28:44.090 logback [restartedMain] INFO  o.a.c.c.C.[Tomcat].[localhost].[/] - Initializing Spring embedded WebApplicationContext
22:28:44.090 logback [restartedMain] INFO  o.s.web.context.ContextLoader - Root WebApplicationContext: initialization completed in 973 ms
22:28:44.636 logback [restartedMain] INFO  o.s.b.d.a.OptionalLiveReloadServer - LiveReload server is running on port 35729
22:28:44.774 logback [restartedMain] INFO  s.d.s.w.p.DocumentationPluginsBootstrapper - Context refreshed
22:28:44.781 logback [restartedMain] INFO  s.d.s.w.p.DocumentationPluginsBootstrapper - Found 1 custom documentation plugin(s)
22:28:44.789 logback [restartedMain] INFO  s.d.s.w.s.ApiListingReferenceScanner - Scanning for api listing references
22:28:44.864 logback [restartedMain] INFO  s.d.s.w.r.o.CachingOperationNameGenerator - Generating unique operation named: addUsingPOST_1
22:28:44.866 logback [restartedMain] INFO  s.d.s.w.r.o.CachingOperationNameGenerator - Generating unique operation named: deleteUsingDELETE_1
22:28:44.867 logback [restartedMain] INFO  s.d.s.w.r.o.CachingOperationNameGenerator - Generating unique operation named: getUsingGET_1
22:28:44.869 logback [restartedMain] INFO  s.d.s.w.r.o.CachingOperationNameGenerator - Generating unique operation named: listUsingGET_1
22:28:44.870 logback [restartedMain] INFO  s.d.s.w.r.o.CachingOperationNameGenerator - Generating unique operation named: updUsingPUT_1
22:28:44.872 logback [restartedMain] INFO  s.d.s.w.r.o.CachingOperationNameGenerator - Generating unique operation named: addUsingPOST_2
22:28:44.873 logback [restartedMain] INFO  s.d.s.w.r.o.CachingOperationNameGenerator - Generating unique operation named: deleteUsingDELETE_2
22:28:44.874 logback [restartedMain] INFO  s.d.s.w.r.o.CachingOperationNameGenerator - Generating unique operation named: getUsingGET_2
22:28:44.876 logback [restartedMain] INFO  s.d.s.w.r.o.CachingOperationNameGenerator - Generating unique operation named: listUsingGET_2
22:28:44.877 logback [restartedMain] INFO  s.d.s.w.r.o.CachingOperationNameGenerator - Generating unique operation named: updUsingPUT_2
22:28:44.879 logback [restartedMain] INFO  s.d.s.w.r.o.CachingOperationNameGenerator - Generating unique operation named: addUsingPOST_3
22:28:44.880 logback [restartedMain] INFO  s.d.s.w.r.o.CachingOperationNameGenerator - Generating unique operation named: deleteUsingDELETE_3
22:28:44.881 logback [restartedMain] INFO  s.d.s.w.r.o.CachingOperationNameGenerator - Generating unique operation named: getUsingGET_3
22:28:44.891 logback [restartedMain] INFO  s.d.s.w.r.o.CachingOperationNameGenerator - Generating unique operation named: listUsingGET_3
22:28:44.893 logback [restartedMain] INFO  s.d.s.w.r.o.CachingOperationNameGenerator - Generating unique operation named: updUsingPUT_3
22:28:44.894 logback [restartedMain] INFO  s.d.s.w.r.o.CachingOperationNameGenerator - Generating unique operation named: addUsingPOST_4
22:28:44.896 logback [restartedMain] INFO  s.d.s.w.r.o.CachingOperationNameGenerator - Generating unique operation named: deleteUsingDELETE_4
22:28:44.897 logback [restartedMain] INFO  s.d.s.w.r.o.CachingOperationNameGenerator - Generating unique operation named: getUsingGET_4
22:28:44.898 logback [restartedMain] INFO  s.d.s.w.r.o.CachingOperationNameGenerator - Generating unique operation named: listUsingGET_4
22:28:44.899 logback [restartedMain] INFO  s.d.s.w.r.o.CachingOperationNameGenerator - Generating unique operation named: updUsingPUT_4
22:28:44.901 logback [restartedMain] INFO  s.d.s.w.r.o.CachingOperationNameGenerator - Generating unique operation named: addUsingPOST_5
22:28:44.902 logback [restartedMain] INFO  s.d.s.w.r.o.CachingOperationNameGenerator - Generating unique operation named: deleteUsingDELETE_5
22:28:44.903 logback [restartedMain] INFO  s.d.s.w.r.o.CachingOperationNameGenerator - Generating unique operation named: getUsingGET_5
22:28:44.904 logback [restartedMain] INFO  s.d.s.w.r.o.CachingOperationNameGenerator - Generating unique operation named: listUsingGET_5
22:28:44.905 logback [restartedMain] INFO  s.d.s.w.r.o.CachingOperationNameGenerator - Generating unique operation named: updUsingPUT_5
22:28:44.907 logback [restartedMain] INFO  s.d.s.w.r.o.CachingOperationNameGenerator - Generating unique operation named: addUsingPOST_6
22:28:44.908 logback [restartedMain] INFO  s.d.s.w.r.o.CachingOperationNameGenerator - Generating unique operation named: deleteUsingDELETE_6
22:28:44.909 logback [restartedMain] INFO  s.d.s.w.r.o.CachingOperationNameGenerator - Generating unique operation named: getUsingGET_6
22:28:44.910 logback [restartedMain] INFO  s.d.s.w.r.o.CachingOperationNameGenerator - Generating unique operation named: listUsingGET_6
22:28:44.911 logback [restartedMain] INFO  s.d.s.w.r.o.CachingOperationNameGenerator - Generating unique operation named: updUsingPUT_6
22:28:44.912 logback [restartedMain] INFO  s.d.s.w.r.o.CachingOperationNameGenerator - Generating unique operation named: addUsingPOST_7
22:28:44.913 logback [restartedMain] INFO  s.d.s.w.r.o.CachingOperationNameGenerator - Generating unique operation named: deleteUsingDELETE_7
22:28:44.915 logback [restartedMain] INFO  s.d.s.w.r.o.CachingOperationNameGenerator - Generating unique operation named: getUsingGET_7
22:28:44.916 logback [restartedMain] INFO  s.d.s.w.r.o.CachingOperationNameGenerator - Generating unique operation named: listUsingGET_7
22:28:44.917 logback [restartedMain] INFO  s.d.s.w.r.o.CachingOperationNameGenerator - Generating unique operation named: updUsingPUT_7
22:28:44.919 logback [restartedMain] INFO  s.d.s.w.r.o.CachingOperationNameGenerator - Generating unique operation named: addUsingPOST_8
22:28:44.920 logback [restartedMain] INFO  s.d.s.w.r.o.CachingOperationNameGenerator - Generating unique operation named: deleteUsingDELETE_8
22:28:44.921 logback [restartedMain] INFO  s.d.s.w.r.o.CachingOperationNameGenerator - Generating unique operation named: getUsingGET_8
22:28:44.922 logback [restartedMain] INFO  s.d.s.w.r.o.CachingOperationNameGenerator - Generating unique operation named: listUsingGET_8
22:28:44.923 logback [restartedMain] INFO  s.d.s.w.r.o.CachingOperationNameGenerator - Generating unique operation named: updUsingPUT_8
22:28:44.934 logback [restartedMain] INFO  o.a.coyote.http11.Http11NioProtocol - Starting ProtocolHandler ["http-nio-8080"]
22:28:44.947 logback [restartedMain] INFO  o.s.b.w.e.tomcat.TomcatWebServer - Tomcat started on port(s): 8080 (http) with context path ''
22:28:44.949 logback [restartedMain] INFO  c.dm.login.AccountSystemApplication - Started AccountSystemApplication in 2.219 seconds (JVM running for 2.642)
22:29:11.462 logback [restartedMain] INFO  c.dm.login.AccountSystemApplication - Starting AccountSystemApplication on 2J5WQ1H032CES60 with PID 15764 (D:\project\AccountSystem\target\classes started by Administrator in D:\project\AccountSystem)
22:29:11.464 logback [restartedMain] INFO  c.dm.login.AccountSystemApplication - No active profile set, falling back to default profiles: default
22:29:11.547 logback [restartedMain] INFO  o.s.b.d.e.DevToolsPropertyDefaultsPostProcessor - Devtools property defaults active! Set 'spring.devtools.add-properties' to 'false' to disable
22:29:11.547 logback [restartedMain] INFO  o.s.b.d.e.DevToolsPropertyDefaultsPostProcessor - For additional web related logging consider setting the 'logging.level.web' property to 'DEBUG'
22:29:12.326 logback [restartedMain] INFO  o.s.c.s.PostProcessorRegistrationDelegate$BeanPostProcessorChecker - Bean 'org.springframework.transaction.annotation.ProxyTransactionManagementConfiguration' of type [org.springframework.transaction.annotation.ProxyTransactionManagementConfiguration$$EnhancerBySpringCGLIB$$f1bb856f] is not eligible for getting processed by all BeanPostProcessors (for example: not eligible for auto-proxying)
22:29:12.588 logback [restartedMain] INFO  o.s.b.w.e.tomcat.TomcatWebServer - Tomcat initialized with port(s): 8080 (http)
22:29:12.598 logback [restartedMain] INFO  o.a.coyote.http11.Http11NioProtocol - Initializing ProtocolHandler ["http-nio-8080"]
22:29:12.605 logback [restartedMain] INFO  o.a.catalina.core.StandardService - Starting service [Tomcat]
22:29:12.605 logback [restartedMain] INFO  o.a.catalina.core.StandardEngine - Starting Servlet engine: [Apache Tomcat/9.0.17]
22:29:12.695 logback [restartedMain] INFO  o.a.c.c.C.[Tomcat].[localhost].[/] - Initializing Spring embedded WebApplicationContext
22:29:12.695 logback [restartedMain] INFO  o.s.web.context.ContextLoader - Root WebApplicationContext: initialization completed in 1148 ms
22:29:13.556 logback [restartedMain] INFO  o.s.b.d.a.OptionalLiveReloadServer - LiveReload server is running on port 35729
22:29:13.796 logback [restartedMain] INFO  s.d.s.w.p.DocumentationPluginsBootstrapper - Context refreshed
22:29:13.810 logback [restartedMain] INFO  s.d.s.w.p.DocumentationPluginsBootstrapper - Found 1 custom documentation plugin(s)
22:29:13.824 logback [restartedMain] INFO  s.d.s.w.s.ApiListingReferenceScanner - Scanning for api listing references
22:29:13.947 logback [restartedMain] INFO  s.d.s.w.r.o.CachingOperationNameGenerator - Generating unique operation named: addUsingPOST_1
22:29:13.950 logback [restartedMain] INFO  s.d.s.w.r.o.CachingOperationNameGenerator - Generating unique operation named: deleteUsingDELETE_1
22:29:13.952 logback [restartedMain] INFO  s.d.s.w.r.o.CachingOperationNameGenerator - Generating unique operation named: getUsingGET_1
22:29:13.954 logback [restartedMain] INFO  s.d.s.w.r.o.CachingOperationNameGenerator - Generating unique operation named: listUsingGET_1
22:29:13.956 logback [restartedMain] INFO  s.d.s.w.r.o.CachingOperationNameGenerator - Generating unique operation named: updUsingPUT_1
22:29:13.959 logback [restartedMain] INFO  s.d.s.w.r.o.CachingOperationNameGenerator - Generating unique operation named: addUsingPOST_2
22:29:13.961 logback [restartedMain] INFO  s.d.s.w.r.o.CachingOperationNameGenerator - Generating unique operation named: deleteUsingDELETE_2
22:29:13.964 logback [restartedMain] INFO  s.d.s.w.r.o.CachingOperationNameGenerator - Generating unique operation named: getUsingGET_2
22:29:13.967 logback [restartedMain] INFO  s.d.s.w.r.o.CachingOperationNameGenerator - Generating unique operation named: listUsingGET_2
22:29:13.971 logback [restartedMain] INFO  s.d.s.w.r.o.CachingOperationNameGenerator - Generating unique operation named: updUsingPUT_2
22:29:13.976 logback [restartedMain] INFO  s.d.s.w.r.o.CachingOperationNameGenerator - Generating unique operation named: addUsingPOST_3
22:29:13.978 logback [restartedMain] INFO  s.d.s.w.r.o.CachingOperationNameGenerator - Generating unique operation named: deleteUsingDELETE_3
22:29:13.980 logback [restartedMain] INFO  s.d.s.w.r.o.CachingOperationNameGenerator - Generating unique operation named: getUsingGET_3
22:29:14.005 logback [restartedMain] INFO  s.d.s.w.r.o.CachingOperationNameGenerator - Generating unique operation named: listUsingGET_3
22:29:14.007 logback [restartedMain] INFO  s.d.s.w.r.o.CachingOperationNameGenerator - Generating unique operation named: updUsingPUT_3
22:29:14.010 logback [restartedMain] INFO  s.d.s.w.r.o.CachingOperationNameGenerator - Generating unique operation named: addUsingPOST_4
22:29:14.011 logback [restartedMain] INFO  s.d.s.w.r.o.CachingOperationNameGenerator - Generating unique operation named: deleteUsingDELETE_4
22:29:14.013 logback [restartedMain] INFO  s.d.s.w.r.o.CachingOperationNameGenerator - Generating unique operation named: getUsingGET_4
22:29:14.015 logback [restartedMain] INFO  s.d.s.w.r.o.CachingOperationNameGenerator - Generating unique operation named: listUsingGET_4
22:29:14.019 logback [restartedMain] INFO  s.d.s.w.r.o.CachingOperationNameGenerator - Generating unique operation named: updUsingPUT_4
22:29:14.023 logback [restartedMain] INFO  s.d.s.w.r.o.CachingOperationNameGenerator - Generating unique operation named: addUsingPOST_5
22:29:14.025 logback [restartedMain] INFO  s.d.s.w.r.o.CachingOperationNameGenerator - Generating unique operation named: deleteUsingDELETE_5
22:29:14.026 logback [restartedMain] INFO  s.d.s.w.r.o.CachingOperationNameGenerator - Generating unique operation named: getUsingGET_5
22:29:14.028 logback [restartedMain] INFO  s.d.s.w.r.o.CachingOperationNameGenerator - Generating unique operation named: listUsingGET_5
22:29:14.030 logback [restartedMain] INFO  s.d.s.w.r.o.CachingOperationNameGenerator - Generating unique operation named: updUsingPUT_5
22:29:14.033 logback [restartedMain] INFO  s.d.s.w.r.o.CachingOperationNameGenerator - Generating unique operation named: addUsingPOST_6
22:29:14.035 logback [restartedMain] INFO  s.d.s.w.r.o.CachingOperationNameGenerator - Generating unique operation named: deleteUsingDELETE_6
22:29:14.036 logback [restartedMain] INFO  s.d.s.w.r.o.CachingOperationNameGenerator - Generating unique operation named: getUsingGET_6
22:29:14.037 logback [restartedMain] INFO  s.d.s.w.r.o.CachingOperationNameGenerator - Generating unique operation named: listUsingGET_6
22:29:14.040 logback [restartedMain] INFO  s.d.s.w.r.o.CachingOperationNameGenerator - Generating unique operation named: updUsingPUT_6
22:29:14.046 logback [restartedMain] INFO  s.d.s.w.r.o.CachingOperationNameGenerator - Generating unique operation named: addUsingPOST_7
22:29:14.048 logback [restartedMain] INFO  s.d.s.w.r.o.CachingOperationNameGenerator - Generating unique operation named: deleteUsingDELETE_7
22:29:14.051 logback [restartedMain] INFO  s.d.s.w.r.o.CachingOperationNameGenerator - Generating unique operation named: getUsingGET_7
22:29:14.054 logback [restartedMain] INFO  s.d.s.w.r.o.CachingOperationNameGenerator - Generating unique operation named: listUsingGET_7
22:29:14.056 logback [restartedMain] INFO  s.d.s.w.r.o.CachingOperationNameGenerator - Generating unique operation named: updUsingPUT_7
22:29:14.059 logback [restartedMain] INFO  s.d.s.w.r.o.CachingOperationNameGenerator - Generating unique operation named: addUsingPOST_8
22:29:14.062 logback [restartedMain] INFO  s.d.s.w.r.o.CachingOperationNameGenerator - Generating unique operation named: deleteUsingDELETE_8
22:29:14.066 logback [restartedMain] INFO  s.d.s.w.r.o.CachingOperationNameGenerator - Generating unique operation named: getUsingGET_8
22:29:14.072 logback [restartedMain] INFO  s.d.s.w.r.o.CachingOperationNameGenerator - Generating unique operation named: listUsingGET_8
22:29:14.073 logback [restartedMain] INFO  s.d.s.w.r.o.CachingOperationNameGenerator - Generating unique operation named: updUsingPUT_8
22:29:14.091 logback [restartedMain] INFO  o.a.coyote.http11.Http11NioProtocol - Starting ProtocolHandler ["http-nio-8080"]
22:29:14.128 logback [restartedMain] INFO  o.s.b.w.e.tomcat.TomcatWebServer - Tomcat started on port(s): 8080 (http) with context path ''
22:29:14.130 logback [restartedMain] INFO  c.dm.login.AccountSystemApplication - Started AccountSystemApplication in 3.066 seconds (JVM running for 3.526)
23:48:22.631 logback [restartedMain] INFO  c.dm.login.AccountSystemApplication - Starting AccountSystemApplication on 2J5WQ1H032CES60 with PID 7276 (D:\project\AccountSystem\target\classes started by Administrator in D:\project\AccountSystem)
23:48:22.632 logback [restartedMain] INFO  c.dm.login.AccountSystemApplication - No active profile set, falling back to default profiles: default
23:48:22.692 logback [restartedMain] INFO  o.s.b.d.e.DevToolsPropertyDefaultsPostProcessor - Devtools property defaults active! Set 'spring.devtools.add-properties' to 'false' to disable
23:48:22.692 logback [restartedMain] INFO  o.s.b.d.e.DevToolsPropertyDefaultsPostProcessor - For additional web related logging consider setting the 'logging.level.web' property to 'DEBUG'
23:48:23.344 logback [restartedMain] INFO  o.s.c.s.PostProcessorRegistrationDelegate$BeanPostProcessorChecker - Bean 'org.springframework.transaction.annotation.ProxyTransactionManagementConfiguration' of type [org.springframework.transaction.annotation.ProxyTransactionManagementConfiguration$$EnhancerBySpringCGLIB$$45048c6b] is not eligible for getting processed by all BeanPostProcessors (for example: not eligible for auto-proxying)
23:48:23.558 logback [restartedMain] INFO  o.s.b.w.e.tomcat.TomcatWebServer - Tomcat initialized with port(s): 8080 (http)
23:48:23.566 logback [restartedMain] INFO  o.a.coyote.http11.Http11NioProtocol - Initializing ProtocolHandler ["http-nio-8080"]
23:48:23.570 logback [restartedMain] INFO  o.a.catalina.core.StandardService - Starting service [Tomcat]
23:48:23.570 logback [restartedMain] INFO  o.a.catalina.core.StandardEngine - Starting Servlet engine: [Apache Tomcat/9.0.17]
23:48:23.640 logback [restartedMain] INFO  o.a.c.c.C.[Tomcat].[localhost].[/] - Initializing Spring embedded WebApplicationContext
23:48:23.640 logback [restartedMain] INFO  o.s.web.context.ContextLoader - Root WebApplicationContext: initialization completed in 948 ms
23:48:24.190 logback [restartedMain] INFO  o.s.b.d.a.OptionalLiveReloadServer - LiveReload server is running on port 35729
23:48:24.324 logback [restartedMain] INFO  s.d.s.w.p.DocumentationPluginsBootstrapper - Context refreshed
23:48:24.331 logback [restartedMain] INFO  s.d.s.w.p.DocumentationPluginsBootstrapper - Found 1 custom documentation plugin(s)
23:48:24.340 logback [restartedMain] INFO  s.d.s.w.s.ApiListingReferenceScanner - Scanning for api listing references
23:48:24.416 logback [restartedMain] INFO  s.d.s.w.r.o.CachingOperationNameGenerator - Generating unique operation named: addUsingPOST_1
23:48:24.418 logback [restartedMain] INFO  s.d.s.w.r.o.CachingOperationNameGenerator - Generating unique operation named: deleteUsingDELETE_1
23:48:24.419 logback [restartedMain] INFO  s.d.s.w.r.o.CachingOperationNameGenerator - Generating unique operation named: getUsingGET_1
23:48:24.421 logback [restartedMain] INFO  s.d.s.w.r.o.CachingOperationNameGenerator - Generating unique operation named: listUsingGET_1
23:48:24.422 logback [restartedMain] INFO  s.d.s.w.r.o.CachingOperationNameGenerator - Generating unique operation named: updUsingPUT_1
23:48:24.424 logback [restartedMain] INFO  s.d.s.w.r.o.CachingOperationNameGenerator - Generating unique operation named: addUsingPOST_2
23:48:24.426 logback [restartedMain] INFO  s.d.s.w.r.o.CachingOperationNameGenerator - Generating unique operation named: deleteUsingDELETE_2
23:48:24.427 logback [restartedMain] INFO  s.d.s.w.r.o.CachingOperationNameGenerator - Generating unique operation named: getUsingGET_2
23:48:24.428 logback [restartedMain] INFO  s.d.s.w.r.o.CachingOperationNameGenerator - Generating unique operation named: listUsingGET_2
23:48:24.430 logback [restartedMain] INFO  s.d.s.w.r.o.CachingOperationNameGenerator - Generating unique operation named: updUsingPUT_2
23:48:24.431 logback [restartedMain] INFO  s.d.s.w.r.o.CachingOperationNameGenerator - Generating unique operation named: addUsingPOST_3
23:48:24.433 logback [restartedMain] INFO  s.d.s.w.r.o.CachingOperationNameGenerator - Generating unique operation named: deleteUsingDELETE_3
23:48:24.434 logback [restartedMain] INFO  s.d.s.w.r.o.CachingOperationNameGenerator - Generating unique operation named: getUsingGET_3
23:48:24.443 logback [restartedMain] INFO  s.d.s.w.r.o.CachingOperationNameGenerator - Generating unique operation named: listUsingGET_3
23:48:24.445 logback [restartedMain] INFO  s.d.s.w.r.o.CachingOperationNameGenerator - Generating unique operation named: updUsingPUT_3
23:48:24.447 logback [restartedMain] INFO  s.d.s.w.r.o.CachingOperationNameGenerator - Generating unique operation named: addUsingPOST_4
23:48:24.448 logback [restartedMain] INFO  s.d.s.w.r.o.CachingOperationNameGenerator - Generating unique operation named: deleteUsingDELETE_4
23:48:24.449 logback [restartedMain] INFO  s.d.s.w.r.o.CachingOperationNameGenerator - Generating unique operation named: getUsingGET_4
23:48:24.450 logback [restartedMain] INFO  s.d.s.w.r.o.CachingOperationNameGenerator - Generating unique operation named: listUsingGET_4
23:48:24.451 logback [restartedMain] INFO  s.d.s.w.r.o.CachingOperationNameGenerator - Generating unique operation named: updUsingPUT_4
23:48:24.453 logback [restartedMain] INFO  s.d.s.w.r.o.CachingOperationNameGenerator - Generating unique operation named: addUsingPOST_5
23:48:24.454 logback [restartedMain] INFO  s.d.s.w.r.o.CachingOperationNameGenerator - Generating unique operation named: deleteUsingDELETE_5
23:48:24.456 logback [restartedMain] INFO  s.d.s.w.r.o.CachingOperationNameGenerator - Generating unique operation named: getUsingGET_5
23:48:24.457 logback [restartedMain] INFO  s.d.s.w.r.o.CachingOperationNameGenerator - Generating unique operation named: listUsingGET_5
23:48:24.458 logback [restartedMain] INFO  s.d.s.w.r.o.CachingOperationNameGenerator - Generating unique operation named: updUsingPUT_5
23:48:24.459 logback [restartedMain] INFO  s.d.s.w.r.o.CachingOperationNameGenerator - Generating unique operation named: addUsingPOST_6
23:48:24.460 logback [restartedMain] INFO  s.d.s.w.r.o.CachingOperationNameGenerator - Generating unique operation named: deleteUsingDELETE_6
23:48:24.461 logback [restartedMain] INFO  s.d.s.w.r.o.CachingOperationNameGenerator - Generating unique operation named: getUsingGET_6
23:48:24.462 logback [restartedMain] INFO  s.d.s.w.r.o.CachingOperationNameGenerator - Generating unique operation named: listUsingGET_6
23:48:24.463 logback [restartedMain] INFO  s.d.s.w.r.o.CachingOperationNameGenerator - Generating unique operation named: updUsingPUT_6
23:48:24.465 logback [restartedMain] INFO  s.d.s.w.r.o.CachingOperationNameGenerator - Generating unique operation named: addUsingPOST_7
23:48:24.466 logback [restartedMain] INFO  s.d.s.w.r.o.CachingOperationNameGenerator - Generating unique operation named: deleteUsingDELETE_7
23:48:24.467 logback [restartedMain] INFO  s.d.s.w.r.o.CachingOperationNameGenerator - Generating unique operation named: getUsingGET_7
23:48:24.468 logback [restartedMain] INFO  s.d.s.w.r.o.CachingOperationNameGenerator - Generating unique operation named: listUsingGET_7
23:48:24.469 logback [restartedMain] INFO  s.d.s.w.r.o.CachingOperationNameGenerator - Generating unique operation named: updUsingPUT_7
23:48:24.471 logback [restartedMain] INFO  s.d.s.w.r.o.CachingOperationNameGenerator - Generating unique operation named: addUsingPOST_8
23:48:24.472 logback [restartedMain] INFO  s.d.s.w.r.o.CachingOperationNameGenerator - Generating unique operation named: deleteUsingDELETE_8
23:48:24.473 logback [restartedMain] INFO  s.d.s.w.r.o.CachingOperationNameGenerator - Generating unique operation named: getUsingGET_8
23:48:24.474 logback [restartedMain] INFO  s.d.s.w.r.o.CachingOperationNameGenerator - Generating unique operation named: listUsingGET_8
23:48:24.475 logback [restartedMain] INFO  s.d.s.w.r.o.CachingOperationNameGenerator - Generating unique operation named: updUsingPUT_8
23:48:24.485 logback [restartedMain] INFO  o.a.coyote.http11.Http11NioProtocol - Starting ProtocolHandler ["http-nio-8080"]
23:48:24.500 logback [restartedMain] INFO  o.s.b.w.e.tomcat.TomcatWebServer - Tomcat started on port(s): 8080 (http) with context path ''
23:48:24.503 logback [restartedMain] INFO  c.dm.login.AccountSystemApplication - Started AccountSystemApplication in 2.186 seconds (JVM running for 2.609)
23:49:10.087 logback [http-nio-8080-exec-1] INFO  com.dm.login.servlet.WxServlet - post
23:49:10.101 logback [http-nio-8080-exec-1] INFO  com.dm.login.servlet.WxServlet - {MediaId=jXP5I5-jUOTOJkiqz6yw7xdwUliuzD_BpzlW21POWua0Bv8kDpsmsb1-_jK-shcN, CreateTime=1557848948, ToUserName=gh_b599278d948e, FromUserName=oCJSa1PQcUlz6SBpZNwgaUcUxRi0, MsgType=image, PicUrl=http://mmbiz.qpic.cn/mmbiz_jpg/TIM8aibaf3IiciaibuWzjstpEFoYibWr5L4Nhic1ms9ib6ZCwnTFu58FFtOwrm7W0niaeWIguVrggOT2tDTC9MQhb8HVDQ/0, MsgId=22303032191080606}
23:49:10.101 logback [http-nio-8080-exec-1] INFO  com.dm.login.servlet.WxServlet - null
23:50:43.029 logback [restartedMain] INFO  c.dm.login.AccountSystemApplication - Starting AccountSystemApplication on 2J5WQ1H032CES60 with PID 1172 (D:\project\AccountSystem\target\classes started by Administrator in D:\project\AccountSystem)
23:50:43.031 logback [restartedMain] INFO  c.dm.login.AccountSystemApplication - No active profile set, falling back to default profiles: default
23:50:43.089 logback [restartedMain] INFO  o.s.b.d.e.DevToolsPropertyDefaultsPostProcessor - Devtools property defaults active! Set 'spring.devtools.add-properties' to 'false' to disable
23:50:43.089 logback [restartedMain] INFO  o.s.b.d.e.DevToolsPropertyDefaultsPostProcessor - For additional web related logging consider setting the 'logging.level.web' property to 'DEBUG'
23:50:43.751 logback [restartedMain] INFO  o.s.c.s.PostProcessorRegistrationDelegate$BeanPostProcessorChecker - Bean 'org.springframework.transaction.annotation.ProxyTransactionManagementConfiguration' of type [org.springframework.transaction.annotation.ProxyTransactionManagementConfiguration$$EnhancerBySpringCGLIB$$ab82ff53] is not eligible for getting processed by all BeanPostProcessors (for example: not eligible for auto-proxying)
23:50:43.961 logback [restartedMain] INFO  o.s.b.w.e.tomcat.TomcatWebServer - Tomcat initialized with port(s): 8080 (http)
23:50:43.969 logback [restartedMain] INFO  o.a.coyote.http11.Http11NioProtocol - Initializing ProtocolHandler ["http-nio-8080"]
23:50:43.974 logback [restartedMain] INFO  o.a.catalina.core.StandardService - Starting service [Tomcat]
23:50:43.975 logback [restartedMain] INFO  o.a.catalina.core.StandardEngine - Starting Servlet engine: [Apache Tomcat/9.0.17]
23:50:44.048 logback [restartedMain] INFO  o.a.c.c.C.[Tomcat].[localhost].[/] - Initializing Spring embedded WebApplicationContext
23:50:44.048 logback [restartedMain] INFO  o.s.web.context.ContextLoader - Root WebApplicationContext: initialization completed in 959 ms
23:50:44.610 logback [restartedMain] INFO  o.s.b.d.a.OptionalLiveReloadServer - LiveReload server is running on port 35729
23:50:44.755 logback [restartedMain] INFO  s.d.s.w.p.DocumentationPluginsBootstrapper - Context refreshed
23:50:44.763 logback [restartedMain] INFO  s.d.s.w.p.DocumentationPluginsBootstrapper - Found 1 custom documentation plugin(s)
23:50:44.772 logback [restartedMain] INFO  s.d.s.w.s.ApiListingReferenceScanner - Scanning for api listing references
23:50:44.850 logback [restartedMain] INFO  s.d.s.w.r.o.CachingOperationNameGenerator - Generating unique operation named: addUsingPOST_1
23:50:44.852 logback [restartedMain] INFO  s.d.s.w.r.o.CachingOperationNameGenerator - Generating unique operation named: deleteUsingDELETE_1
23:50:44.854 logback [restartedMain] INFO  s.d.s.w.r.o.CachingOperationNameGenerator - Generating unique operation named: getUsingGET_1
23:50:44.855 logback [restartedMain] INFO  s.d.s.w.r.o.CachingOperationNameGenerator - Generating unique operation named: listUsingGET_1
23:50:44.857 logback [restartedMain] INFO  s.d.s.w.r.o.CachingOperationNameGenerator - Generating unique operation named: updUsingPUT_1
23:50:44.859 logback [restartedMain] INFO  s.d.s.w.r.o.CachingOperationNameGenerator - Generating unique operation named: addUsingPOST_2
23:50:44.860 logback [restartedMain] INFO  s.d.s.w.r.o.CachingOperationNameGenerator - Generating unique operation named: deleteUsingDELETE_2
23:50:44.861 logback [restartedMain] INFO  s.d.s.w.r.o.CachingOperationNameGenerator - Generating unique operation named: getUsingGET_2
23:50:44.863 logback [restartedMain] INFO  s.d.s.w.r.o.CachingOperationNameGenerator - Generating unique operation named: listUsingGET_2
23:50:44.864 logback [restartedMain] INFO  s.d.s.w.r.o.CachingOperationNameGenerator - Generating unique operation named: updUsingPUT_2
23:50:44.866 logback [restartedMain] INFO  s.d.s.w.r.o.CachingOperationNameGenerator - Generating unique operation named: addUsingPOST_3
23:50:44.867 logback [restartedMain] INFO  s.d.s.w.r.o.CachingOperationNameGenerator - Generating unique operation named: deleteUsingDELETE_3
23:50:44.869 logback [restartedMain] INFO  s.d.s.w.r.o.CachingOperationNameGenerator - Generating unique operation named: getUsingGET_3
23:50:44.879 logback [restartedMain] INFO  s.d.s.w.r.o.CachingOperationNameGenerator - Generating unique operation named: listUsingGET_3
23:50:44.880 logback [restartedMain] INFO  s.d.s.w.r.o.CachingOperationNameGenerator - Generating unique operation named: updUsingPUT_3
23:50:44.882 logback [restartedMain] INFO  s.d.s.w.r.o.CachingOperationNameGenerator - Generating unique operation named: addUsingPOST_4
23:50:44.883 logback [restartedMain] INFO  s.d.s.w.r.o.CachingOperationNameGenerator - Generating unique operation named: deleteUsingDELETE_4
23:50:44.884 logback [restartedMain] INFO  s.d.s.w.r.o.CachingOperationNameGenerator - Generating unique operation named: getUsingGET_4
23:50:44.885 logback [restartedMain] INFO  s.d.s.w.r.o.CachingOperationNameGenerator - Generating unique operation named: listUsingGET_4
23:50:44.887 logback [restartedMain] INFO  s.d.s.w.r.o.CachingOperationNameGenerator - Generating unique operation named: updUsingPUT_4
23:50:44.890 logback [restartedMain] INFO  s.d.s.w.r.o.CachingOperationNameGenerator - Generating unique operation named: addUsingPOST_5
23:50:44.891 logback [restartedMain] INFO  s.d.s.w.r.o.CachingOperationNameGenerator - Generating unique operation named: deleteUsingDELETE_5
23:50:44.892 logback [restartedMain] INFO  s.d.s.w.r.o.CachingOperationNameGenerator - Generating unique operation named: getUsingGET_5
23:50:44.893 logback [restartedMain] INFO  s.d.s.w.r.o.CachingOperationNameGenerator - Generating unique operation named: listUsingGET_5
23:50:44.894 logback [restartedMain] INFO  s.d.s.w.r.o.CachingOperationNameGenerator - Generating unique operation named: updUsingPUT_5
23:50:44.896 logback [restartedMain] INFO  s.d.s.w.r.o.CachingOperationNameGenerator - Generating unique operation named: addUsingPOST_6
23:50:44.897 logback [restartedMain] INFO  s.d.s.w.r.o.CachingOperationNameGenerator - Generating unique operation named: deleteUsingDELETE_6
23:50:44.899 logback [restartedMain] INFO  s.d.s.w.r.o.CachingOperationNameGenerator - Generating unique operation named: getUsingGET_6
23:50:44.900 logback [restartedMain] INFO  s.d.s.w.r.o.CachingOperationNameGenerator - Generating unique operation named: listUsingGET_6
23:50:44.901 logback [restartedMain] INFO  s.d.s.w.r.o.CachingOperationNameGenerator - Generating unique operation named: updUsingPUT_6
23:50:44.903 logback [restartedMain] INFO  s.d.s.w.r.o.CachingOperationNameGenerator - Generating unique operation named: addUsingPOST_7
23:50:44.905 logback [restartedMain] INFO  s.d.s.w.r.o.CachingOperationNameGenerator - Generating unique operation named: deleteUsingDELETE_7
23:50:44.907 logback [restartedMain] INFO  s.d.s.w.r.o.CachingOperationNameGenerator - Generating unique operation named: getUsingGET_7
23:50:44.908 logback [restartedMain] INFO  s.d.s.w.r.o.CachingOperationNameGenerator - Generating unique operation named: listUsingGET_7
23:50:44.909 logback [restartedMain] INFO  s.d.s.w.r.o.CachingOperationNameGenerator - Generating unique operation named: updUsingPUT_7
23:50:44.910 logback [restartedMain] INFO  s.d.s.w.r.o.CachingOperationNameGenerator - Generating unique operation named: addUsingPOST_8
23:50:44.911 logback [restartedMain] INFO  s.d.s.w.r.o.CachingOperationNameGenerator - Generating unique operation named: deleteUsingDELETE_8
23:50:44.912 logback [restartedMain] INFO  s.d.s.w.r.o.CachingOperationNameGenerator - Generating unique operation named: getUsingGET_8
23:50:44.913 logback [restartedMain] INFO  s.d.s.w.r.o.CachingOperationNameGenerator - Generating unique operation named: listUsingGET_8
23:50:44.914 logback [restartedMain] INFO  s.d.s.w.r.o.CachingOperationNameGenerator - Generating unique operation named: updUsingPUT_8
23:50:44.926 logback [restartedMain] INFO  o.a.coyote.http11.Http11NioProtocol - Starting ProtocolHandler ["http-nio-8080"]
23:50:44.944 logback [restartedMain] INFO  o.s.b.w.e.tomcat.TomcatWebServer - Tomcat started on port(s): 8080 (http) with context path ''
23:50:44.947 logback [restartedMain] INFO  c.dm.login.AccountSystemApplication - Started AccountSystemApplication in 2.219 seconds (JVM running for 2.636)
23:50:54.671 logback [http-nio-8080-exec-1] INFO  com.dm.login.servlet.WxServlet - post
23:50:54.684 logback [http-nio-8080-exec-1] INFO  com.dm.login.servlet.WxServlet - {Content=111, CreateTime=1557849052, ToUserName=gh_b599278d948e, FromUserName=oCJSa1PQcUlz6SBpZNwgaUcUxRi0, MsgType=text, MsgId=22303035489412375}
23:50:54.742 logback [http-nio-8080-exec-1] INFO  com.dm.login.servlet.WxServlet - <xml>
  <ToUserName>oCJSa1PQcUlz6SBpZNwgaUcUxRi0</ToUserName>
  <FromUserName>gh_b599278d948e</FromUserName>
  <CreateTime>1557849054</CreateTime>
  <MsgType>text</MsgType>
  <Content></Content>
</xml>
23:51:01.444 logback [http-nio-8080-exec-3] INFO  com.dm.login.servlet.WxServlet - post
23:51:01.448 logback [http-nio-8080-exec-3] INFO  com.dm.login.servlet.WxServlet - {Content=, CreateTime=1557849062, ToUserName=gh_b599278d948e, FromUserName=oCJSa1PQcUlz6SBpZNwgaUcUxRi0, MsgType=text, MsgId=22303035940353173}
23:51:01.454 logback [http-nio-8080-exec-3] INFO  com.dm.login.servlet.WxServlet - <xml>
  <ToUserName>oCJSa1PQcUlz6SBpZNwgaUcUxRi0</ToUserName>
  <FromUserName>gh_b599278d948e</FromUserName>
  <CreateTime>1557849061</CreateTime>
  <MsgType>text</MsgType>
  <Content></Content>
</xml>
23:52:27.203 logback [restartedMain] INFO  c.dm.login.AccountSystemApplication - Starting AccountSystemApplication on 2J5WQ1H032CES60 with PID 15552 (D:\project\AccountSystem\target\classes started by Administrator in D:\project\AccountSystem)
23:52:27.205 logback [restartedMain] INFO  c.dm.login.AccountSystemApplication - No active profile set, falling back to default profiles: default
23:52:27.257 logback [restartedMain] INFO  o.s.b.d.e.DevToolsPropertyDefaultsPostProcessor - Devtools property defaults active! Set 'spring.devtools.add-properties' to 'false' to disable
23:52:27.257 logback [restartedMain] INFO  o.s.b.d.e.DevToolsPropertyDefaultsPostProcessor - For additional web related logging consider setting the 'logging.level.web' property to 'DEBUG'
23:52:27.907 logback [restartedMain] INFO  o.s.c.s.PostProcessorRegistrationDelegate$BeanPostProcessorChecker - Bean 'org.springframework.transaction.annotation.ProxyTransactionManagementConfiguration' of type [org.springframework.transaction.annotation.ProxyTransactionManagementConfiguration$$EnhancerBySpringCGLIB$$a31d42d2] is not eligible for getting processed by all BeanPostProcessors (for example: not eligible for auto-proxying)
23:52:28.115 logback [restartedMain] INFO  o.s.b.w.e.tomcat.TomcatWebServer - Tomcat initialized with port(s): 8080 (http)
23:52:28.122 logback [restartedMain] INFO  o.a.coyote.http11.Http11NioProtocol - Initializing ProtocolHandler ["http-nio-8080"]
23:52:28.127 logback [restartedMain] INFO  o.a.catalina.core.StandardService - Starting service [Tomcat]
23:52:28.127 logback [restartedMain] INFO  o.a.catalina.core.StandardEngine - Starting Servlet engine: [Apache Tomcat/9.0.17]
23:52:28.197 logback [restartedMain] INFO  o.a.c.c.C.[Tomcat].[localhost].[/] - Initializing Spring embedded WebApplicationContext
23:52:28.198 logback [restartedMain] INFO  o.s.web.context.ContextLoader - Root WebApplicationContext: initialization completed in 941 ms
23:52:28.742 logback [restartedMain] INFO  o.s.b.d.a.OptionalLiveReloadServer - LiveReload server is running on port 35729
23:52:28.878 logback [restartedMain] INFO  s.d.s.w.p.DocumentationPluginsBootstrapper - Context refreshed
23:52:28.886 logback [restartedMain] INFO  s.d.s.w.p.DocumentationPluginsBootstrapper - Found 1 custom documentation plugin(s)
23:52:28.901 logback [restartedMain] INFO  s.d.s.w.s.ApiListingReferenceScanner - Scanning for api listing references
23:52:28.976 logback [restartedMain] INFO  s.d.s.w.r.o.CachingOperationNameGenerator - Generating unique operation named: addUsingPOST_1
23:52:28.978 logback [restartedMain] INFO  s.d.s.w.r.o.CachingOperationNameGenerator - Generating unique operation named: deleteUsingDELETE_1
23:52:28.979 logback [restartedMain] INFO  s.d.s.w.r.o.CachingOperationNameGenerator - Generating unique operation named: getUsingGET_1
23:52:28.980 logback [restartedMain] INFO  s.d.s.w.r.o.CachingOperationNameGenerator - Generating unique operation named: listUsingGET_1
23:52:28.982 logback [restartedMain] INFO  s.d.s.w.r.o.CachingOperationNameGenerator - Generating unique operation named: updUsingPUT_1
23:52:28.984 logback [restartedMain] INFO  s.d.s.w.r.o.CachingOperationNameGenerator - Generating unique operation named: addUsingPOST_2
23:52:28.985 logback [restartedMain] INFO  s.d.s.w.r.o.CachingOperationNameGenerator - Generating unique operation named: deleteUsingDELETE_2
23:52:28.986 logback [restartedMain] INFO  s.d.s.w.r.o.CachingOperationNameGenerator - Generating unique operation named: getUsingGET_2
23:52:28.988 logback [restartedMain] INFO  s.d.s.w.r.o.CachingOperationNameGenerator - Generating unique operation named: listUsingGET_2
23:52:28.989 logback [restartedMain] INFO  s.d.s.w.r.o.CachingOperationNameGenerator - Generating unique operation named: updUsingPUT_2
23:52:28.991 logback [restartedMain] INFO  s.d.s.w.r.o.CachingOperationNameGenerator - Generating unique operation named: addUsingPOST_3
23:52:28.992 logback [restartedMain] INFO  s.d.s.w.r.o.CachingOperationNameGenerator - Generating unique operation named: deleteUsingDELETE_3
23:52:28.993 logback [restartedMain] INFO  s.d.s.w.r.o.CachingOperationNameGenerator - Generating unique operation named: getUsingGET_3
23:52:29.003 logback [restartedMain] INFO  s.d.s.w.r.o.CachingOperationNameGenerator - Generating unique operation named: listUsingGET_3
23:52:29.004 logback [restartedMain] INFO  s.d.s.w.r.o.CachingOperationNameGenerator - Generating unique operation named: updUsingPUT_3
23:52:29.006 logback [restartedMain] INFO  s.d.s.w.r.o.CachingOperationNameGenerator - Generating unique operation named: addUsingPOST_4
23:52:29.007 logback [restartedMain] INFO  s.d.s.w.r.o.CachingOperationNameGenerator - Generating unique operation named: deleteUsingDELETE_4
23:52:29.009 logback [restartedMain] INFO  s.d.s.w.r.o.CachingOperationNameGenerator - Generating unique operation named: getUsingGET_4
23:52:29.010 logback [restartedMain] INFO  s.d.s.w.r.o.CachingOperationNameGenerator - Generating unique operation named: listUsingGET_4
23:52:29.011 logback [restartedMain] INFO  s.d.s.w.r.o.CachingOperationNameGenerator - Generating unique operation named: updUsingPUT_4
23:52:29.012 logback [restartedMain] INFO  s.d.s.w.r.o.CachingOperationNameGenerator - Generating unique operation named: addUsingPOST_5
23:52:29.013 logback [restartedMain] INFO  s.d.s.w.r.o.CachingOperationNameGenerator - Generating unique operation named: deleteUsingDELETE_5
23:52:29.015 logback [restartedMain] INFO  s.d.s.w.r.o.CachingOperationNameGenerator - Generating unique operation named: getUsingGET_5
23:52:29.016 logback [restartedMain] INFO  s.d.s.w.r.o.CachingOperationNameGenerator - Generating unique operation named: listUsingGET_5
23:52:29.017 logback [restartedMain] INFO  s.d.s.w.r.o.CachingOperationNameGenerator - Generating unique operation named: updUsingPUT_5
23:52:29.018 logback [restartedMain] INFO  s.d.s.w.r.o.CachingOperationNameGenerator - Generating unique operation named: addUsingPOST_6
23:52:29.019 logback [restartedMain] INFO  s.d.s.w.r.o.CachingOperationNameGenerator - Generating unique operation named: deleteUsingDELETE_6
23:52:29.020 logback [restartedMain] INFO  s.d.s.w.r.o.CachingOperationNameGenerator - Generating unique operation named: getUsingGET_6
23:52:29.021 logback [restartedMain] INFO  s.d.s.w.r.o.CachingOperationNameGenerator - Generating unique operation named: listUsingGET_6
23:52:29.022 logback [restartedMain] INFO  s.d.s.w.r.o.CachingOperationNameGenerator - Generating unique operation named: updUsingPUT_6
23:52:29.024 logback [restartedMain] INFO  s.d.s.w.r.o.CachingOperationNameGenerator - Generating unique operation named: addUsingPOST_7
23:52:29.025 logback [restartedMain] INFO  s.d.s.w.r.o.CachingOperationNameGenerator - Generating unique operation named: deleteUsingDELETE_7
23:52:29.026 logback [restartedMain] INFO  s.d.s.w.r.o.CachingOperationNameGenerator - Generating unique operation named: getUsingGET_7
23:52:29.027 logback [restartedMain] INFO  s.d.s.w.r.o.CachingOperationNameGenerator - Generating unique operation named: listUsingGET_7
23:52:29.028 logback [restartedMain] INFO  s.d.s.w.r.o.CachingOperationNameGenerator - Generating unique operation named: updUsingPUT_7
23:52:29.029 logback [restartedMain] INFO  s.d.s.w.r.o.CachingOperationNameGenerator - Generating unique operation named: addUsingPOST_8
23:52:29.030 logback [restartedMain] INFO  s.d.s.w.r.o.CachingOperationNameGenerator - Generating unique operation named: deleteUsingDELETE_8
23:52:29.031 logback [restartedMain] INFO  s.d.s.w.r.o.CachingOperationNameGenerator - Generating unique operation named: getUsingGET_8
23:52:29.032 logback [restartedMain] INFO  s.d.s.w.r.o.CachingOperationNameGenerator - Generating unique operation named: listUsingGET_8
23:52:29.033 logback [restartedMain] INFO  s.d.s.w.r.o.CachingOperationNameGenerator - Generating unique operation named: updUsingPUT_8
23:52:29.044 logback [restartedMain] INFO  o.a.coyote.http11.Http11NioProtocol - Starting ProtocolHandler ["http-nio-8080"]
23:52:29.057 logback [restartedMain] INFO  o.s.b.w.e.tomcat.TomcatWebServer - Tomcat started on port(s): 8080 (http) with context path ''
23:52:29.059 logback [restartedMain] INFO  c.dm.login.AccountSystemApplication - Started AccountSystemApplication in 2.161 seconds (JVM running for 2.568)
23:52:32.816 logback [http-nio-8080-exec-1] INFO  com.dm.login.servlet.WxServlet - post
23:52:32.829 logback [http-nio-8080-exec-1] INFO  com.dm.login.servlet.WxServlet - {Content=12, CreateTime=1557849151, ToUserName=gh_b599278d948e, FromUserName=oCJSa1PQcUlz6SBpZNwgaUcUxRi0, MsgType=text, MsgId=22303037144927215}
23:52:32.886 logback [http-nio-8080-exec-1] INFO  com.dm.login.servlet.WxServlet - <xml>
  <ToUserName>oCJSa1PQcUlz6SBpZNwgaUcUxRi0</ToUserName>
  <FromUserName>gh_b599278d948e</FromUserName>
  <CreateTime>1557849152</CreateTime>
  <MsgType>text</MsgType>
  <Content></Content>
</xml>
23:52:39.742 logback [http-nio-8080-exec-3] INFO  com.dm.login.servlet.WxServlet - post
23:52:39.744 logback [http-nio-8080-exec-3] INFO  com.dm.login.servlet.WxServlet - {Content=, CreateTime=1557849158, ToUserName=gh_b599278d948e, FromUserName=oCJSa1PQcUlz6SBpZNwgaUcUxRi0, MsgType=text, MsgId=22303035155878420}
23:52:39.752 logback [http-nio-8080-exec-3] INFO  com.dm.login.servlet.WxServlet - <xml>
  <ToUserName>oCJSa1PQcUlz6SBpZNwgaUcUxRi0</ToUserName>
  <FromUserName>gh_b599278d948e</FromUserName>
  <CreateTime>1557849159</CreateTime>
  <MsgType>news</MsgType>
  <ArticleCount>1</ArticleCount>
  <articles>
    <com.dm.login.wxBean.ArticleBean>
      <Title></Title>
      <Description></Description>
      <PicUrl>http://mmbiz.qpic.cn/mmbiz_jpg/TIM8aibaf3IiciaibuWzjstpEFoYibWr5L4Nhic1ms9ib6ZCwnTFu58FFtOwrm7W0niaeWIguVrggOT2tDTC9MQhb8HVDQ/0</PicUrl>
      <Url>www.baidu.com</Url>
    </com.dm.login.wxBean.ArticleBean>
  </articles>
</xml>
23:53:41.408 logback [restartedMain] INFO  c.dm.login.AccountSystemApplication - Starting AccountSystemApplication on 2J5WQ1H032CES60 with PID 5340 (D:\project\AccountSystem\target\classes started by Administrator in D:\project\AccountSystem)
23:53:41.410 logback [restartedMain] INFO  c.dm.login.AccountSystemApplication - No active profile set, falling back to default profiles: default
23:53:41.473 logback [restartedMain] INFO  o.s.b.d.e.DevToolsPropertyDefaultsPostProcessor - Devtools property defaults active! Set 'spring.devtools.add-properties' to 'false' to disable
23:53:41.473 logback [restartedMain] INFO  o.s.b.d.e.DevToolsPropertyDefaultsPostProcessor - For additional web related logging consider setting the 'logging.level.web' property to 'DEBUG'
23:53:42.109 logback [restartedMain] INFO  o.s.c.s.PostProcessorRegistrationDelegate$BeanPostProcessorChecker - Bean 'org.springframework.transaction.annotation.ProxyTransactionManagementConfiguration' of type [org.springframework.transaction.annotation.ProxyTransactionManagementConfiguration$$EnhancerBySpringCGLIB$$1b1f4f80] is not eligible for getting processed by all BeanPostProcessors (for example: not eligible for auto-proxying)
23:53:42.315 logback [restartedMain] INFO  o.s.b.w.e.tomcat.TomcatWebServer - Tomcat initialized with port(s): 8080 (http)
23:53:42.323 logback [restartedMain] INFO  o.a.coyote.http11.Http11NioProtocol - Initializing ProtocolHandler ["http-nio-8080"]
23:53:42.327 logback [restartedMain] INFO  o.a.catalina.core.StandardService - Starting service [Tomcat]
23:53:42.327 logback [restartedMain] INFO  o.a.catalina.core.StandardEngine - Starting Servlet engine: [Apache Tomcat/9.0.17]
23:53:42.397 logback [restartedMain] INFO  o.a.c.c.C.[Tomcat].[localhost].[/] - Initializing Spring embedded WebApplicationContext
23:53:42.398 logback [restartedMain] INFO  o.s.web.context.ContextLoader - Root WebApplicationContext: initialization completed in 925 ms
23:53:42.944 logback [restartedMain] INFO  o.s.b.d.a.OptionalLiveReloadServer - LiveReload server is running on port 35729
23:53:43.080 logback [restartedMain] INFO  s.d.s.w.p.DocumentationPluginsBootstrapper - Context refreshed
23:53:43.088 logback [restartedMain] INFO  s.d.s.w.p.DocumentationPluginsBootstrapper - Found 1 custom documentation plugin(s)
23:53:43.103 logback [restartedMain] INFO  s.d.s.w.s.ApiListingReferenceScanner - Scanning for api listing references
23:53:43.178 logback [restartedMain] INFO  s.d.s.w.r.o.CachingOperationNameGenerator - Generating unique operation named: addUsingPOST_1
23:53:43.180 logback [restartedMain] INFO  s.d.s.w.r.o.CachingOperationNameGenerator - Generating unique operation named: deleteUsingDELETE_1
23:53:43.181 logback [restartedMain] INFO  s.d.s.w.r.o.CachingOperationNameGenerator - Generating unique operation named: getUsingGET_1
23:53:43.183 logback [restartedMain] INFO  s.d.s.w.r.o.CachingOperationNameGenerator - Generating unique operation named: listUsingGET_1
23:53:43.184 logback [restartedMain] INFO  s.d.s.w.r.o.CachingOperationNameGenerator - Generating unique operation named: updUsingPUT_1
23:53:43.186 logback [restartedMain] INFO  s.d.s.w.r.o.CachingOperationNameGenerator - Generating unique operation named: addUsingPOST_2
23:53:43.188 logback [restartedMain] INFO  s.d.s.w.r.o.CachingOperationNameGenerator - Generating unique operation named: deleteUsingDELETE_2
23:53:43.189 logback [restartedMain] INFO  s.d.s.w.r.o.CachingOperationNameGenerator - Generating unique operation named: getUsingGET_2
23:53:43.191 logback [restartedMain] INFO  s.d.s.w.r.o.CachingOperationNameGenerator - Generating unique operation named: listUsingGET_2
23:53:43.192 logback [restartedMain] INFO  s.d.s.w.r.o.CachingOperationNameGenerator - Generating unique operation named: updUsingPUT_2
23:53:43.194 logback [restartedMain] INFO  s.d.s.w.r.o.CachingOperationNameGenerator - Generating unique operation named: addUsingPOST_3
23:53:43.195 logback [restartedMain] INFO  s.d.s.w.r.o.CachingOperationNameGenerator - Generating unique operation named: deleteUsingDELETE_3
23:53:43.196 logback [restartedMain] INFO  s.d.s.w.r.o.CachingOperationNameGenerator - Generating unique operation named: getUsingGET_3
23:53:43.206 logback [restartedMain] INFO  s.d.s.w.r.o.CachingOperationNameGenerator - Generating unique operation named: listUsingGET_3
23:53:43.207 logback [restartedMain] INFO  s.d.s.w.r.o.CachingOperationNameGenerator - Generating unique operation named: updUsingPUT_3
23:53:43.209 logback [restartedMain] INFO  s.d.s.w.r.o.CachingOperationNameGenerator - Generating unique operation named: addUsingPOST_4
23:53:43.210 logback [restartedMain] INFO  s.d.s.w.r.o.CachingOperationNameGenerator - Generating unique operation named: deleteUsingDELETE_4
23:53:43.211 logback [restartedMain] INFO  s.d.s.w.r.o.CachingOperationNameGenerator - Generating unique operation named: getUsingGET_4
23:53:43.212 logback [restartedMain] INFO  s.d.s.w.r.o.CachingOperationNameGenerator - Generating unique operation named: listUsingGET_4
23:53:43.213 logback [restartedMain] INFO  s.d.s.w.r.o.CachingOperationNameGenerator - Generating unique operation named: updUsingPUT_4
23:53:43.215 logback [restartedMain] INFO  s.d.s.w.r.o.CachingOperationNameGenerator - Generating unique operation named: addUsingPOST_5
23:53:43.216 logback [restartedMain] INFO  s.d.s.w.r.o.CachingOperationNameGenerator - Generating unique operation named: deleteUsingDELETE_5
23:53:43.217 logback [restartedMain] INFO  s.d.s.w.r.o.CachingOperationNameGenerator - Generating unique operation named: getUsingGET_5
23:53:43.218 logback [restartedMain] INFO  s.d.s.w.r.o.CachingOperationNameGenerator - Generating unique operation named: listUsingGET_5
23:53:43.220 logback [restartedMain] INFO  s.d.s.w.r.o.CachingOperationNameGenerator - Generating unique operation named: updUsingPUT_5
23:53:43.221 logback [restartedMain] INFO  s.d.s.w.r.o.CachingOperationNameGenerator - Generating unique operation named: addUsingPOST_6
23:53:43.222 logback [restartedMain] INFO  s.d.s.w.r.o.CachingOperationNameGenerator - Generating unique operation named: deleteUsingDELETE_6
23:53:43.223 logback [restartedMain] INFO  s.d.s.w.r.o.CachingOperationNameGenerator - Generating unique operation named: getUsingGET_6
23:53:43.224 logback [restartedMain] INFO  s.d.s.w.r.o.CachingOperationNameGenerator - Generating unique operation named: listUsingGET_6
23:53:43.225 logback [restartedMain] INFO  s.d.s.w.r.o.CachingOperationNameGenerator - Generating unique operation named: updUsingPUT_6
23:53:43.227 logback [restartedMain] INFO  s.d.s.w.r.o.CachingOperationNameGenerator - Generating unique operation named: addUsingPOST_7
23:53:43.228 logback [restartedMain] INFO  s.d.s.w.r.o.CachingOperationNameGenerator - Generating unique operation named: deleteUsingDELETE_7
23:53:43.229 logback [restartedMain] INFO  s.d.s.w.r.o.CachingOperationNameGenerator - Generating unique operation named: getUsingGET_7
23:53:43.230 logback [restartedMain] INFO  s.d.s.w.r.o.CachingOperationNameGenerator - Generating unique operation named: listUsingGET_7
23:53:43.231 logback [restartedMain] INFO  s.d.s.w.r.o.CachingOperationNameGenerator - Generating unique operation named: updUsingPUT_7
23:53:43.233 logback [restartedMain] INFO  s.d.s.w.r.o.CachingOperationNameGenerator - Generating unique operation named: addUsingPOST_8
23:53:43.234 logback [restartedMain] INFO  s.d.s.w.r.o.CachingOperationNameGenerator - Generating unique operation named: deleteUsingDELETE_8
23:53:43.235 logback [restartedMain] INFO  s.d.s.w.r.o.CachingOperationNameGenerator - Generating unique operation named: getUsingGET_8
23:53:43.236 logback [restartedMain] INFO  s.d.s.w.r.o.CachingOperationNameGenerator - Generating unique operation named: listUsingGET_8
23:53:43.237 logback [restartedMain] INFO  s.d.s.w.r.o.CachingOperationNameGenerator - Generating unique operation named: updUsingPUT_8
23:53:43.247 logback [restartedMain] INFO  o.a.coyote.http11.Http11NioProtocol - Starting ProtocolHandler ["http-nio-8080"]
23:53:43.261 logback [restartedMain] INFO  o.s.b.w.e.tomcat.TomcatWebServer - Tomcat started on port(s): 8080 (http) with context path ''
23:53:43.263 logback [restartedMain] INFO  c.dm.login.AccountSystemApplication - Started AccountSystemApplication in 2.158 seconds (JVM running for 2.567)
23:53:49.741 logback [http-nio-8080-exec-1] INFO  com.dm.login.servlet.WxServlet - post
23:53:49.754 logback [http-nio-8080-exec-1] INFO  com.dm.login.servlet.WxServlet - {Content=, CreateTime=1557849228, ToUserName=gh_b599278d948e, FromUserName=oCJSa1PQcUlz6SBpZNwgaUcUxRi0, MsgType=text, MsgId=22303039282015235}
23:53:49.811 logback [http-nio-8080-exec-1] INFO  com.dm.login.servlet.WxServlet - <xml>
  <ToUserName>oCJSa1PQcUlz6SBpZNwgaUcUxRi0</ToUserName>
  <FromUserName>gh_b599278d948e</FromUserName>
  <CreateTime>1557849229</CreateTime>
  <MsgType>news</MsgType>
  <ArticleCount>1</ArticleCount>
  <Articles>
    <item>
      <Title></Title>
      <Description></Description>
      <PicUrl>http://mmbiz.qpic.cn/mmbiz_jpg/TIM8aibaf3IiciaibuWzjstpEFoYibWr5L4Nhic1ms9ib6ZCwnTFu58FFtOwrm7W0niaeWIguVrggOT2tDTC9MQhb8HVDQ/0</PicUrl>
      <Url>www.baidu.com</Url>
    </item>
  </Articles>
</xml>
